INFO 2023-10-24 16:14:23,137 autoreload 668 Watching for file changes with StatReloader
INFO 2023-10-24 16:15:09,660 autoreload 668 Watching for file changes with StatReloader
INFO 2023-10-24 16:18:42,102 autoreload 266 C:\Users\guota\OneDrive\桌面\duoduo_project\duoduoshop\duoduoshop\urls.py changed, reloading.
INFO 2023-10-24 16:18:43,581 autoreload 668 Watching for file changes with StatReloader
INFO 2023-10-24 16:20:08,349 autoreload 266 C:\Users\guota\OneDrive\桌面\duoduo_project\duoduoshop\duoduoshop\urls.py changed, reloading.
INFO 2023-10-24 16:20:09,897 autoreload 668 Watching for file changes with StatReloader
INFO 2023-10-24 16:21:03,842 autoreload 668 Watching for file changes with StatReloader
WARNING 2023-10-24 16:21:05,295 log 241 Not Found: /
WARNING 2023-10-24 16:21:05,296 basehttp 212 "GET / HTTP/1.1" 404 2167
INFO 2023-10-24 16:21:10,103 basehttp 212 "GET /log HTTP/1.1" 301 0
ERROR 2023-10-24 16:21:10,171 log 241 Internal Server Error: /log/
Traceback (most recent call last):
  File "C:\Users\guota\Envs\duoduoshop\lib\site-packages\django\core\handlers\exception.py", line 55, in inner
    response = get_response(request)
  File "C:\Users\guota\Envs\duoduoshop\lib\site-packages\django\core\handlers\base.py", line 197, in _get_response
    response = wrapped_callback(request, *callback_args, **callback_kwargs)
  File "C:\Users\guota\OneDrive\桌面\duoduo_project\duoduoshop\duoduoshop\urls.py", line 23, in log
    import loging
ModuleNotFoundError: No module named 'loging'
ERROR 2023-10-24 16:21:10,172 basehttp 212 "GET /log/ HTTP/1.1" 500 69074
INFO 2023-10-24 16:22:06,886 autoreload 668 Watching for file changes with StatReloader
ERROR 2023-10-24 16:22:12,557 log 241 Internal Server Error: /log/
Traceback (most recent call last):
  File "C:\Users\guota\Envs\duoduoshop\lib\site-packages\django\core\handlers\exception.py", line 55, in inner
    response = get_response(request)
  File "C:\Users\guota\Envs\duoduoshop\lib\site-packages\django\core\handlers\base.py", line 197, in _get_response
    response = wrapped_callback(request, *callback_args, **callback_kwargs)
  File "C:\Users\guota\OneDrive\桌面\duoduo_project\duoduoshop\duoduoshop\urls.py", line 23, in log
    import loging
ModuleNotFoundError: No module named 'loging'
ERROR 2023-10-24 16:22:12,559 basehttp 212 "GET /log/ HTTP/1.1" 500 69062
INFO 2023-10-24 16:22:39,829 autoreload 266 C:\Users\guota\OneDrive\桌面\duoduo_project\duoduoshop\duoduoshop\urls.py changed, reloading.
INFO 2023-10-24 16:22:41,394 autoreload 668 Watching for file changes with StatReloader
INFO 2023-10-24 16:23:14,057 autoreload 668 Watching for file changes with StatReloader
INFO 2023-10-24 16:23:14,591 urls 27 用户登陆了
WARNING 2023-10-24 16:23:14,591 urls 28 redis缓存不足
ERROR 2023-10-24 16:23:14,592 urls 29 该记录不存在
INFO 2023-10-24 16:23:14,592 basehttp 212 "GET /log/ HTTP/1.1" 200 3
INFO 2023-10-24 16:45:48,850 autoreload 668 Watching for file changes with StatReloader
INFO 2023-10-24 16:59:24,974 autoreload 668 Watching for file changes with StatReloader
INFO 2023-10-24 17:02:18,943 autoreload 668 Watching for file changes with StatReloader
INFO 2023-10-24 17:05:34,186 autoreload 668 Watching for file changes with StatReloader
WARNING 2023-10-24 17:05:41,149 log 241 Not Found: /
WARNING 2023-10-24 17:05:41,150 basehttp 212 "GET / HTTP/1.1" 404 2167
WARNING 2023-10-24 17:06:13,406 log 241 Not Found: /
WARNING 2023-10-24 17:06:13,406 basehttp 212 "GET / HTTP/1.1" 404 2167
WARNING 2023-10-24 17:07:00,372 log 241 Not Found: /
WARNING 2023-10-24 17:07:00,373 basehttp 212 "GET / HTTP/1.1" 404 2167
INFO 2023-10-24 17:09:27,390 autoreload 668 Watching for file changes with StatReloader
WARNING 2023-10-24 17:09:38,838 log 241 Not Found: /
WARNING 2023-10-24 17:09:38,839 basehttp 212 "GET / HTTP/1.1" 404 2173
WARNING 2023-10-24 17:09:39,010 log 241 Not Found: /favicon.ico
WARNING 2023-10-24 17:09:39,011 basehttp 212 "GET /favicon.ico HTTP/1.1" 404 2224
INFO 2023-10-24 17:09:44,826 basehttp 212 "GET /log HTTP/1.1" 301 0
INFO 2023-10-24 17:09:44,848 urls 27 用户登陆了
WARNING 2023-10-24 17:09:44,848 urls 29 redis缓存不足
ERROR 2023-10-24 17:09:44,849 urls 30 该记录不存在
INFO 2023-10-24 17:09:44,849 basehttp 212 "GET /log/ HTTP/1.1" 200 3
INFO 2023-10-24 17:21:19,780 autoreload 668 Watching for file changes with StatReloader
WARNING 2023-10-24 17:21:21,715 log 241 Not Found: /
WARNING 2023-10-24 17:21:21,717 basehttp 212 "GET / HTTP/1.1" 404 2167
WARNING 2023-10-24 17:21:22,011 log 241 Not Found: /favicon.ico
WARNING 2023-10-24 17:21:22,012 basehttp 212 "GET /favicon.ico HTTP/1.1" 404 2218
INFO 2023-10-24 17:21:33,438 urls 27 用户登陆了
WARNING 2023-10-24 17:21:33,440 urls 29 redis缓存不足
ERROR 2023-10-24 17:21:33,441 urls 30 该记录不存在
INFO 2023-10-24 17:21:33,442 basehttp 212 "GET /log/ HTTP/1.1" 200 3
WARNING 2023-10-24 17:21:33,749 log 241 Not Found: /favicon.ico
WARNING 2023-10-24 17:21:33,751 basehttp 212 "GET /favicon.ico HTTP/1.1" 404 2224
INFO 2023-10-24 17:21:37,003 basehttp 212 "GET /admin/ HTTP/1.1" 302 0
INFO 2023-10-24 17:21:37,201 basehttp 212 "GET /admin/login/?next=/admin/ HTTP/1.1" 200 4181
INFO 2023-10-24 17:21:37,771 basehttp 212 "GET /static/admin/css/dark_mode.css HTTP/1.1" 200 2929
INFO 2023-10-24 17:21:37,772 basehttp 212 "GET /static/admin/css/nav_sidebar.css HTTP/1.1" 200 2694
INFO 2023-10-24 17:21:37,774 basehttp 212 "GET /static/admin/css/base.css HTTP/1.1" 200 21207
INFO 2023-10-24 17:21:37,775 basehttp 212 "GET /static/admin/css/login.css HTTP/1.1" 200 958
INFO 2023-10-24 17:21:37,778 basehttp 212 "GET /static/admin/css/responsive.css HTTP/1.1" 200 18533
INFO 2023-10-24 17:21:37,784 basehttp 212 "GET /static/admin/js/theme.js HTTP/1.1" 200 1943
INFO 2023-10-24 17:21:37,810 basehttp 212 "GET /static/admin/js/nav_sidebar.js HTTP/1.1" 200 3063
INFO 2023-10-24 17:26:04,591 autoreload 668 Watching for file changes with StatReloader
WARNING 2023-10-24 17:26:07,297 log 241 Not Found: /
WARNING 2023-10-24 17:26:07,298 basehttp 212 "GET / HTTP/1.1" 404 2167
INFO 2023-10-24 17:26:20,801 urls 27 用户登陆了
WARNING 2023-10-24 17:26:20,802 urls 29 redis缓存不足
ERROR 2023-10-24 17:26:20,802 urls 30 该记录不存在
INFO 2023-10-24 17:26:20,803 basehttp 212 "GET /log/ HTTP/1.1" 200 3
INFO 2023-10-24 17:37:21,305 autoreload 668 Watching for file changes with StatReloader
WARNING 2023-10-24 17:37:21,818 log 241 Not Found: /
WARNING 2023-10-24 17:37:21,818 basehttp 212 "GET / HTTP/1.1" 404 2167
WARNING 2023-10-24 17:37:22,948 log 241 Not Found: /
WARNING 2023-10-24 17:37:22,949 basehttp 212 "GET / HTTP/1.1" 404 2167
INFO 2023-10-24 17:37:31,028 urls 27 用户登陆了
WARNING 2023-10-24 17:37:31,029 urls 29 redis缓存不足
ERROR 2023-10-24 17:37:31,029 urls 30 该记录不存在
INFO 2023-10-24 17:37:31,030 basehttp 212 "GET /log/ HTTP/1.1" 200 3
INFO 2023-10-25 10:35:29,005 autoreload 668 Watching for file changes with StatReloader
INFO 2023-10-25 10:37:03,795 autoreload 668 Watching for file changes with StatReloader
WARNING 2023-10-25 10:37:17,123 log 241 Not Found: /
WARNING 2023-10-25 10:37:17,124 basehttp 212 "GET / HTTP/1.1" 404 2167
WARNING 2023-10-25 10:37:17,384 log 241 Not Found: /favicon.ico
WARNING 2023-10-25 10:37:17,385 basehttp 212 "GET /favicon.ico HTTP/1.1" 404 2218
INFO 2023-10-25 10:37:28,102 basehttp 212 "GET /admin/ HTTP/1.1" 302 0
INFO 2023-10-25 10:37:28,274 basehttp 212 "GET /admin/login/?next=/admin/ HTTP/1.1" 200 4181
INFO 2023-10-25 10:37:28,363 basehttp 212 "GET /static/admin/css/dark_mode.css HTTP/1.1" 200 2929
INFO 2023-10-25 10:37:28,366 basehttp 212 "GET /static/admin/css/login.css HTTP/1.1" 200 958
INFO 2023-10-25 10:37:28,367 basehttp 212 "GET /static/admin/css/nav_sidebar.css HTTP/1.1" 200 2694
INFO 2023-10-25 10:37:28,367 basehttp 212 "GET /static/admin/css/base.css HTTP/1.1" 200 21207
INFO 2023-10-25 10:37:28,370 basehttp 212 "GET /static/admin/css/responsive.css HTTP/1.1" 200 18533
INFO 2023-10-25 10:37:28,377 basehttp 212 "GET /static/admin/js/theme.js HTTP/1.1" 200 1943
INFO 2023-10-25 10:37:28,390 basehttp 212 "GET /static/admin/js/nav_sidebar.js HTTP/1.1" 200 3063
ERROR 2023-10-25 10:37:30,752 log 241 Internal Server Error: /admin/login/
Traceback (most recent call last):
  File "C:\Users\guota\Envs\duoduoshop\lib\site-packages\django\db\backends\utils.py", line 89, in _execute
    return self.cursor.execute(sql, params)
  File "C:\Users\guota\Envs\duoduoshop\lib\site-packages\django\db\backends\mysql\base.py", line 75, in execute
    return self.cursor.execute(query, args)
  File "C:\Users\guota\Envs\duoduoshop\lib\site-packages\MySQLdb\cursors.py", line 179, in execute
    res = self._query(mogrified_query)
  File "C:\Users\guota\Envs\duoduoshop\lib\site-packages\MySQLdb\cursors.py", line 330, in _query
    db.query(q)
  File "C:\Users\guota\Envs\duoduoshop\lib\site-packages\MySQLdb\connections.py", line 255, in query
    _mysql.connection.query(self, query)
MySQLdb.ProgrammingError: (1146, "Table 'duoduoshop.auth_user' doesn't exist")

The above exception was the direct cause of the following exception:

Traceback (most recent call last):
  File "C:\Users\guota\Envs\duoduoshop\lib\site-packages\django\core\handlers\exception.py", line 55, in inner
    response = get_response(request)
  File "C:\Users\guota\Envs\duoduoshop\lib\site-packages\django\core\handlers\base.py", line 197, in _get_response
    response = wrapped_callback(request, *callback_args, **callback_kwargs)
  File "C:\Users\guota\Envs\duoduoshop\lib\site-packages\django\utils\decorators.py", line 46, in _wrapper
    return bound_method(*args, **kwargs)
  File "C:\Users\guota\Envs\duoduoshop\lib\site-packages\django\views\decorators\cache.py", line 62, in _wrapper_view_func
    response = view_func(request, *args, **kwargs)
  File "C:\Users\guota\Envs\duoduoshop\lib\site-packages\django\contrib\admin\sites.py", line 441, in login
    return LoginView.as_view(**defaults)(request)
  File "C:\Users\guota\Envs\duoduoshop\lib\site-packages\django\views\generic\base.py", line 104, in view
    return self.dispatch(request, *args, **kwargs)
  File "C:\Users\guota\Envs\duoduoshop\lib\site-packages\django\utils\decorators.py", line 46, in _wrapper
    return bound_method(*args, **kwargs)
  File "C:\Users\guota\Envs\duoduoshop\lib\site-packages\django\views\decorators\debug.py", line 92, in sensitive_post_parameters_wrapper
    return view(request, *args, **kwargs)
  File "C:\Users\guota\Envs\duoduoshop\lib\site-packages\django\utils\decorators.py", line 46, in _wrapper
    return bound_method(*args, **kwargs)
  File "C:\Users\guota\Envs\duoduoshop\lib\site-packages\django\utils\decorators.py", line 134, in _wrapper_view
    response = view_func(request, *args, **kwargs)
  File "C:\Users\guota\Envs\duoduoshop\lib\site-packages\django\utils\decorators.py", line 46, in _wrapper
    return bound_method(*args, **kwargs)
  File "C:\Users\guota\Envs\duoduoshop\lib\site-packages\django\views\decorators\cache.py", line 62, in _wrapper_view_func
    response = view_func(request, *args, **kwargs)
  File "C:\Users\guota\Envs\duoduoshop\lib\site-packages\django\contrib\auth\views.py", line 90, in dispatch
    return super().dispatch(request, *args, **kwargs)
  File "C:\Users\guota\Envs\duoduoshop\lib\site-packages\django\views\generic\base.py", line 143, in dispatch
    return handler(request, *args, **kwargs)
  File "C:\Users\guota\Envs\duoduoshop\lib\site-packages\django\views\generic\edit.py", line 152, in post
    if form.is_valid():
  File "C:\Users\guota\Envs\duoduoshop\lib\site-packages\django\forms\forms.py", line 201, in is_valid
    return self.is_bound and not self.errors
  File "C:\Users\guota\Envs\duoduoshop\lib\site-packages\django\forms\forms.py", line 196, in errors
    self.full_clean()
  File "C:\Users\guota\Envs\duoduoshop\lib\site-packages\django\forms\forms.py", line 434, in full_clean
    self._clean_form()
  File "C:\Users\guota\Envs\duoduoshop\lib\site-packages\django\forms\forms.py", line 455, in _clean_form
    cleaned_data = self.clean()
  File "C:\Users\guota\Envs\duoduoshop\lib\site-packages\django\contrib\auth\forms.py", line 242, in clean
    self.user_cache = authenticate(
  File "C:\Users\guota\Envs\duoduoshop\lib\site-packages\django\views\decorators\debug.py", line 42, in sensitive_variables_wrapper
    return func(*func_args, **func_kwargs)
  File "C:\Users\guota\Envs\duoduoshop\lib\site-packages\django\contrib\auth\__init__.py", line 77, in authenticate
    user = backend.authenticate(request, **credentials)
  File "C:\Users\guota\Envs\duoduoshop\lib\site-packages\django\contrib\auth\backends.py", line 46, in authenticate
    user = UserModel._default_manager.get_by_natural_key(username)
  File "C:\Users\guota\Envs\duoduoshop\lib\site-packages\django\contrib\auth\base_user.py", line 54, in get_by_natural_key
    return self.get(**{self.model.USERNAME_FIELD: username})
  File "C:\Users\guota\Envs\duoduoshop\lib\site-packages\django\db\models\manager.py", line 87, in manager_method
    return getattr(self.get_queryset(), name)(*args, **kwargs)
  File "C:\Users\guota\Envs\duoduoshop\lib\site-packages\django\db\models\query.py", line 633, in get
    num = len(clone)
  File "C:\Users\guota\Envs\duoduoshop\lib\site-packages\django\db\models\query.py", line 380, in __len__
    self._fetch_all()
  File "C:\Users\guota\Envs\duoduoshop\lib\site-packages\django\db\models\query.py", line 1881, in _fetch_all
    self._result_cache = list(self._iterable_class(self))
  File "C:\Users\guota\Envs\duoduoshop\lib\site-packages\django\db\models\query.py", line 91, in __iter__
    results = compiler.execute_sql(
  File "C:\Users\guota\Envs\duoduoshop\lib\site-packages\django\db\models\sql\compiler.py", line 1562, in execute_sql
    cursor.execute(sql, params)
  File "C:\Users\guota\Envs\duoduoshop\lib\site-packages\django\db\backends\utils.py", line 102, in execute
    return super().execute(sql, params)
  File "C:\Users\guota\Envs\duoduoshop\lib\site-packages\django\db\backends\utils.py", line 67, in execute
    return self._execute_with_wrappers(
  File "C:\Users\guota\Envs\duoduoshop\lib\site-packages\django\db\backends\utils.py", line 80, in _execute_with_wrappers
    return executor(sql, params, many, context)
  File "C:\Users\guota\Envs\duoduoshop\lib\site-packages\django\db\backends\utils.py", line 89, in _execute
    return self.cursor.execute(sql, params)
  File "C:\Users\guota\Envs\duoduoshop\lib\site-packages\django\db\utils.py", line 91, in __exit__
    raise dj_exc_value.with_traceback(traceback) from exc_value
  File "C:\Users\guota\Envs\duoduoshop\lib\site-packages\django\db\backends\utils.py", line 89, in _execute
    return self.cursor.execute(sql, params)
  File "C:\Users\guota\Envs\duoduoshop\lib\site-packages\django\db\backends\mysql\base.py", line 75, in execute
    return self.cursor.execute(query, args)
  File "C:\Users\guota\Envs\duoduoshop\lib\site-packages\MySQLdb\cursors.py", line 179, in execute
    res = self._query(mogrified_query)
  File "C:\Users\guota\Envs\duoduoshop\lib\site-packages\MySQLdb\cursors.py", line 330, in _query
    db.query(q)
  File "C:\Users\guota\Envs\duoduoshop\lib\site-packages\MySQLdb\connections.py", line 255, in query
    _mysql.connection.query(self, query)
django.db.utils.ProgrammingError: (1146, "Table 'duoduoshop.auth_user' doesn't exist")
ERROR 2023-10-25 10:37:30,776 basehttp 212 "POST /admin/login/?next=/admin/ HTTP/1.1" 500 260192
INFO 2023-10-25 10:37:37,890 basehttp 212 "GET /admin/login/?next=/admin/ HTTP/1.1" 200 4181
INFO 2023-10-25 10:39:14,753 autoreload 266 C:\Users\guota\OneDrive\桌面\duoduo_project\duoduoshop\duoduoshop\settings.py changed, reloading.
INFO 2023-10-25 10:39:16,358 autoreload 668 Watching for file changes with StatReloader
INFO 2023-10-25 10:40:18,391 autoreload 668 Watching for file changes with StatReloader
ERROR 2023-10-25 10:42:32,929 exception 124 Invalid HTTP_HOST header: 'duoduoshop.site:8000'. You may need to add 'duoduoshop.site' to ALLOWED_HOSTS.
Traceback (most recent call last):
  File "C:\Users\guota\Envs\duoduoshop\lib\site-packages\django\core\handlers\exception.py", line 55, in inner
    response = get_response(request)
  File "C:\Users\guota\Envs\duoduoshop\lib\site-packages\django\utils\deprecation.py", line 133, in __call__
    response = self.process_request(request)
  File "C:\Users\guota\Envs\duoduoshop\lib\site-packages\django\middleware\common.py", line 48, in process_request
    host = request.get_host()
  File "C:\Users\guota\Envs\duoduoshop\lib\site-packages\django\http\request.py", line 150, in get_host
    raise DisallowedHost(msg)
django.core.exceptions.DisallowedHost: Invalid HTTP_HOST header: 'duoduoshop.site:8000'. You may need to add 'duoduoshop.site' to ALLOWED_HOSTS.
WARNING 2023-10-25 10:42:33,018 log 241 Bad Request: /log/
WARNING 2023-10-25 10:42:33,019 basehttp 212 "GET /log/ HTTP/1.1" 400 72182
ERROR 2023-10-25 10:42:33,358 exception 124 Invalid HTTP_HOST header: 'duoduoshop.site:8000'. You may need to add 'duoduoshop.site' to ALLOWED_HOSTS.
Traceback (most recent call last):
  File "C:\Users\guota\Envs\duoduoshop\lib\site-packages\django\core\handlers\exception.py", line 55, in inner
    response = get_response(request)
  File "C:\Users\guota\Envs\duoduoshop\lib\site-packages\django\utils\deprecation.py", line 133, in __call__
    response = self.process_request(request)
  File "C:\Users\guota\Envs\duoduoshop\lib\site-packages\django\middleware\common.py", line 48, in process_request
    host = request.get_host()
  File "C:\Users\guota\Envs\duoduoshop\lib\site-packages\django\http\request.py", line 150, in get_host
    raise DisallowedHost(msg)
django.core.exceptions.DisallowedHost: Invalid HTTP_HOST header: 'duoduoshop.site:8000'. You may need to add 'duoduoshop.site' to ALLOWED_HOSTS.
WARNING 2023-10-25 10:42:33,401 log 241 Bad Request: /favicon.ico
WARNING 2023-10-25 10:42:33,402 basehttp 212 "GET /favicon.ico HTTP/1.1" 400 72116
ERROR 2023-10-25 10:43:05,304 exception 124 Invalid HTTP_HOST header: 'duoduoshop.site:8000'. You may need to add 'duoduoshop.site' to ALLOWED_HOSTS.
Traceback (most recent call last):
  File "C:\Users\guota\Envs\duoduoshop\lib\site-packages\django\core\handlers\exception.py", line 55, in inner
    response = get_response(request)
  File "C:\Users\guota\Envs\duoduoshop\lib\site-packages\django\utils\deprecation.py", line 133, in __call__
    response = self.process_request(request)
  File "C:\Users\guota\Envs\duoduoshop\lib\site-packages\django\middleware\common.py", line 48, in process_request
    host = request.get_host()
  File "C:\Users\guota\Envs\duoduoshop\lib\site-packages\django\http\request.py", line 150, in get_host
    raise DisallowedHost(msg)
django.core.exceptions.DisallowedHost: Invalid HTTP_HOST header: 'duoduoshop.site:8000'. You may need to add 'duoduoshop.site' to ALLOWED_HOSTS.
WARNING 2023-10-25 10:43:05,347 log 241 Bad Request: /favicon.ico
WARNING 2023-10-25 10:43:05,348 basehttp 212 "GET /favicon.ico HTTP/1.1" 400 72116
INFO 2023-10-25 10:43:15,590 autoreload 668 Watching for file changes with StatReloader
INFO 2023-10-25 10:43:22,569 urls 27 用户登陆了
WARNING 2023-10-25 10:43:22,569 urls 29 redis缓存不足
ERROR 2023-10-25 10:43:22,571 urls 30 该记录不存在
INFO 2023-10-25 10:43:22,572 basehttp 212 "GET /log/ HTTP/1.1" 200 3
WARNING 2023-10-25 10:43:22,739 log 241 Not Found: /favicon.ico
WARNING 2023-10-25 10:43:22,740 basehttp 212 "GET /favicon.ico HTTP/1.1" 404 2224
INFO 2023-10-25 10:43:54,433 autoreload 668 Watching for file changes with StatReloader
INFO 2023-10-25 10:43:57,928 urls 27 用户登陆了
WARNING 2023-10-25 10:43:57,928 urls 29 redis缓存不足
ERROR 2023-10-25 10:43:57,928 urls 30 该记录不存在
INFO 2023-10-25 10:43:57,929 basehttp 212 "GET /log/ HTTP/1.1" 200 3
WARNING 2023-10-25 10:43:58,100 log 241 Not Found: /favicon.ico
WARNING 2023-10-25 10:43:58,100 basehttp 212 "GET /favicon.ico HTTP/1.1" 404 2228
WARNING 2023-10-25 10:45:57,794 log 241 Not Found: /
WARNING 2023-10-25 10:45:57,795 basehttp 212 "GET / HTTP/1.1" 404 2167
INFO 2023-10-25 10:46:05,153 urls 27 用户登陆了
WARNING 2023-10-25 10:46:05,153 urls 29 redis缓存不足
ERROR 2023-10-25 10:46:05,153 urls 30 该记录不存在
INFO 2023-10-25 10:46:05,153 basehttp 212 "GET /log/ HTTP/1.1" 200 3
INFO 2023-10-25 14:22:04,337 autoreload 668 Watching for file changes with StatReloader
INFO 2023-10-25 14:24:53,417 autoreload 266 C:\Users\guota\OneDrive\桌面\duoduo_project\duoduoshop\duoduoshop\settings.py changed, reloading.
INFO 2023-10-25 14:24:54,678 autoreload 668 Watching for file changes with StatReloader
INFO 2023-10-25 14:27:42,685 autoreload 668 Watching for file changes with StatReloader
INFO 2023-10-25 14:28:37,321 autoreload 668 Watching for file changes with StatReloader
INFO 2023-10-25 14:28:56,778 autoreload 266 C:\Users\guota\OneDrive\桌面\duoduo_project\duoduoshop\duoduoshop\settings.py changed, reloading.
INFO 2023-10-25 14:28:57,974 autoreload 668 Watching for file changes with StatReloader
INFO 2023-10-25 14:29:43,957 autoreload 668 Watching for file changes with StatReloader
INFO 2023-10-25 14:29:56,537 autoreload 668 Watching for file changes with StatReloader
INFO 2023-10-25 14:30:08,536 autoreload 668 Watching for file changes with StatReloader
INFO 2023-10-25 14:30:55,482 autoreload 668 Watching for file changes with StatReloader
INFO 2023-10-25 14:31:01,693 autoreload 668 Watching for file changes with StatReloader
INFO 2023-10-25 14:31:11,324 autoreload 668 Watching for file changes with StatReloader
INFO 2023-10-25 14:31:57,351 autoreload 266 C:\Users\guota\OneDrive\桌面\duoduo_project\duoduoshop\duoduoshop\settings.py changed, reloading.
INFO 2023-10-25 14:31:58,593 autoreload 668 Watching for file changes with StatReloader
INFO 2023-10-25 14:38:23,310 autoreload 668 Watching for file changes with StatReloader
INFO 2023-10-25 14:39:20,680 autoreload 668 Watching for file changes with StatReloader
INFO 2023-10-25 14:40:29,247 autoreload 668 Watching for file changes with StatReloader
INFO 2023-10-25 14:40:38,697 autoreload 668 Watching for file changes with StatReloader
INFO 2023-10-25 14:40:51,573 autoreload 668 Watching for file changes with StatReloader
INFO 2023-10-25 14:41:03,734 autoreload 266 C:\Users\guota\OneDrive\桌面\duoduo_project\duoduoshop\apps\users\models.py changed, reloading.
INFO 2023-10-25 14:41:05,245 autoreload 668 Watching for file changes with StatReloader
INFO 2023-10-25 14:41:28,074 autoreload 266 C:\Users\guota\OneDrive\桌面\duoduo_project\duoduoshop\apps\users\models.py changed, reloading.
INFO 2023-10-25 14:41:29,416 autoreload 668 Watching for file changes with StatReloader
INFO 2023-10-25 14:41:37,505 autoreload 668 Watching for file changes with StatReloader
INFO 2023-10-25 14:42:24,836 autoreload 668 Watching for file changes with StatReloader
INFO 2023-10-25 14:43:31,431 autoreload 668 Watching for file changes with StatReloader
INFO 2023-10-25 17:31:17,673 autoreload 668 Watching for file changes with StatReloader
WARNING 2023-10-25 17:31:35,496 log 241 Not Found: /usernames/guotan/count/
WARNING 2023-10-25 17:31:35,497 basehttp 212 "PUT /usernames/guotan/count/ HTTP/1.1" 404 2254
WARNING 2023-10-25 17:31:38,902 log 241 Not Found: /usernames/guotan/count/
WARNING 2023-10-25 17:31:38,904 basehttp 212 "GET /usernames/guotan/count/ HTTP/1.1" 404 2254
INFO 2023-10-25 17:32:41,426 autoreload 266 C:\Users\guota\OneDrive\桌面\duoduo_project\duoduoshop\duoduoshop\urls.py changed, reloading.
INFO 2023-10-25 17:32:42,863 autoreload 668 Watching for file changes with StatReloader
INFO 2023-10-25 17:33:05,923 autoreload 266 C:\Users\guota\OneDrive\桌面\duoduo_project\duoduoshop\apps\users\urls.py changed, reloading.
INFO 2023-10-25 17:33:07,288 autoreload 668 Watching for file changes with StatReloader
INFO 2023-10-25 17:33:30,131 autoreload 266 C:\Users\guota\OneDrive\桌面\duoduo_project\duoduoshop\apps\users\views.py changed, reloading.
INFO 2023-10-25 17:33:31,486 autoreload 668 Watching for file changes with StatReloader
INFO 2023-10-25 17:39:23,921 autoreload 668 Watching for file changes with StatReloader
INFO 2023-10-25 17:39:34,523 autoreload 668 Watching for file changes with StatReloader
INFO 2023-10-25 17:40:22,067 autoreload 668 Watching for file changes with StatReloader
INFO 2023-10-25 17:44:21,222 autoreload 668 Watching for file changes with StatReloader
INFO 2023-10-25 17:47:59,978 autoreload 668 Watching for file changes with StatReloader
INFO 2023-10-25 17:50:18,495 autoreload 668 Watching for file changes with StatReloader
INFO 2023-10-25 17:54:01,911 autoreload 668 Watching for file changes with StatReloader
INFO 2023-10-25 17:55:31,291 autoreload 266 C:\Users\guota\OneDrive\桌面\duoduo_project\duoduoshop\Myapps\users\admin.py changed, reloading.
INFO 2023-10-25 17:55:32,691 autoreload 668 Watching for file changes with StatReloader
INFO 2023-10-25 17:56:01,994 autoreload 266 C:\Users\guota\OneDrive\桌面\duoduo_project\duoduoshop\Myapps\users\admin.py changed, reloading.
INFO 2023-10-25 17:56:03,331 autoreload 668 Watching for file changes with StatReloader
INFO 2023-10-25 17:56:30,092 autoreload 668 Watching for file changes with StatReloader
INFO 2023-10-25 17:56:39,254 autoreload 668 Watching for file changes with StatReloader
INFO 2023-10-25 17:57:14,695 autoreload 668 Watching for file changes with StatReloader
INFO 2023-10-25 17:58:31,195 autoreload 266 C:\Users\guota\OneDrive\桌面\duoduo_project\duoduoshop\Myapps\users\admin.py changed, reloading.
INFO 2023-10-25 17:58:32,553 autoreload 668 Watching for file changes with StatReloader
INFO 2023-10-25 18:00:11,386 autoreload 668 Watching for file changes with StatReloader
INFO 2023-10-25 18:01:55,682 autoreload 668 Watching for file changes with StatReloader
INFO 2023-10-25 18:03:08,791 autoreload 266 C:\Users\guota\OneDrive\桌面\duoduo_project\duoduoshop\Myapps\users\apps.py changed, reloading.
INFO 2023-10-25 18:03:10,199 autoreload 668 Watching for file changes with StatReloader
INFO 2023-10-25 18:06:54,593 autoreload 266 C:\Users\guota\OneDrive\桌面\duoduo_project\duoduoshop\Myapps\users\models.py changed, reloading.
INFO 2023-10-25 18:06:56,146 autoreload 668 Watching for file changes with StatReloader
INFO 2023-10-25 18:07:59,368 autoreload 668 Watching for file changes with StatReloader
INFO 2023-10-25 18:08:32,473 autoreload 668 Watching for file changes with StatReloader
INFO 2023-10-25 18:10:47,801 autoreload 668 Watching for file changes with StatReloader
INFO 2023-10-25 18:11:24,052 autoreload 668 Watching for file changes with StatReloader
INFO 2023-10-25 18:12:22,412 autoreload 668 Watching for file changes with StatReloader
INFO 2023-10-25 18:12:51,017 autoreload 668 Watching for file changes with StatReloader
INFO 2023-10-25 18:13:08,266 autoreload 668 Watching for file changes with StatReloader
INFO 2023-10-25 18:14:56,844 autoreload 266 C:\Users\guota\OneDrive\桌面\duoduo_project\duoduoshop\Myapps\users\admin.py changed, reloading.
INFO 2023-10-25 18:14:58,333 autoreload 668 Watching for file changes with StatReloader
INFO 2023-10-25 18:15:43,825 autoreload 668 Watching for file changes with StatReloader
INFO 2023-10-25 18:15:51,385 autoreload 668 Watching for file changes with StatReloader
INFO 2023-10-25 18:16:14,371 autoreload 266 C:\Users\guota\OneDrive\桌面\duoduo_project\duoduoshop\Myapps\users\models.py changed, reloading.
INFO 2023-10-25 18:16:15,873 autoreload 668 Watching for file changes with StatReloader
INFO 2023-10-25 18:17:07,132 autoreload 668 Watching for file changes with StatReloader
INFO 2023-10-25 18:17:17,390 autoreload 668 Watching for file changes with StatReloader
INFO 2023-10-25 18:17:39,159 autoreload 668 Watching for file changes with StatReloader
INFO 2023-10-25 18:19:28,642 autoreload 668 Watching for file changes with StatReloader
INFO 2023-10-25 19:50:18,968 autoreload 668 Watching for file changes with StatReloader
INFO 2023-10-25 19:52:55,019 autoreload 668 Watching for file changes with StatReloader
INFO 2023-10-25 19:52:56,594 basehttp 212 "GET /usernames/guotan/count/ HTTP/1.1" 200 25
INFO 2023-10-25 19:54:42,734 autoreload 266 C:\Users\guota\OneDrive\桌面\duoduo_project\duoduoshop\Myapps\users\views.py changed, reloading.
INFO 2023-10-25 19:54:44,169 autoreload 668 Watching for file changes with StatReloader
INFO 2023-10-25 19:54:45,831 basehttp 212 "GET /usernames/guotan/count/ HTTP/1.1" 200 41
INFO 2023-10-25 19:58:49,450 autoreload 266 C:\Users\guota\OneDrive\桌面\duoduo_project\duoduoshop\Myapps\users\views.py changed, reloading.
INFO 2023-10-25 19:58:50,846 autoreload 668 Watching for file changes with StatReloader
INFO 2023-10-25 20:00:07,382 autoreload 266 C:\Users\guota\OneDrive\桌面\duoduo_project\duoduoshop\Myapps\users\views.py changed, reloading.
INFO 2023-10-25 20:00:08,810 autoreload 668 Watching for file changes with StatReloader
INFO 2023-10-25 20:01:08,271 autoreload 266 C:\Users\guota\OneDrive\桌面\duoduo_project\duoduoshop\Myapps\users\views.py changed, reloading.
INFO 2023-10-25 20:01:09,679 autoreload 668 Watching for file changes with StatReloader
INFO 2023-10-25 20:01:19,649 autoreload 266 C:\Users\guota\OneDrive\桌面\duoduo_project\duoduoshop\Myapps\users\views.py changed, reloading.
INFO 2023-10-25 20:01:21,054 autoreload 668 Watching for file changes with StatReloader
INFO 2023-10-25 20:01:55,985 autoreload 668 Watching for file changes with StatReloader
INFO 2023-10-25 20:03:28,270 autoreload 668 Watching for file changes with StatReloader
INFO 2023-10-25 20:03:37,893 autoreload 668 Watching for file changes with StatReloader
INFO 2023-10-25 20:03:55,074 autoreload 668 Watching for file changes with StatReloader
INFO 2023-10-25 20:05:03,174 autoreload 266 C:\Users\guota\OneDrive\桌面\duoduo_project\duoduoshop\duoduoshop\settings.py changed, reloading.
INFO 2023-10-25 20:05:04,571 autoreload 668 Watching for file changes with StatReloader
INFO 2023-10-25 20:14:36,817 autoreload 668 Watching for file changes with StatReloader
INFO 2023-10-25 20:16:43,702 autoreload 668 Watching for file changes with StatReloader
INFO 2023-10-25 20:23:20,075 autoreload 668 Watching for file changes with StatReloader
INFO 2023-10-25 20:27:41,902 autoreload 668 Watching for file changes with StatReloader
INFO 2023-10-25 20:27:46,474 basehttp 212 "GET /usernames/guotan/count/ HTTP/1.1" 200 39
INFO 2023-10-25 20:27:49,440 basehttp 212 "GET /usernames/guotan/count/ HTTP/1.1" 200 39
INFO 2023-10-25 20:28:08,144 autoreload 266 C:\Users\guota\OneDrive\桌面\duoduo_project\duoduoshop\Myapps\users\views.py changed, reloading.
INFO 2023-10-25 20:28:09,640 autoreload 668 Watching for file changes with StatReloader
INFO 2023-10-25 20:28:16,424 autoreload 266 C:\Users\guota\OneDrive\桌面\duoduo_project\duoduoshop\Myapps\users\views.py changed, reloading.
INFO 2023-10-25 20:28:17,937 autoreload 668 Watching for file changes with StatReloader
INFO 2023-10-25 20:33:10,693 basehttp 212 "GET /usernames/guotan/count/ HTTP/1.1" 200 39
INFO 2023-10-25 20:37:42,688 autoreload 266 C:\Users\guota\OneDrive\桌面\duoduo_project\duoduoshop\Myapps\users\views.py changed, reloading.
INFO 2023-10-25 20:37:44,118 autoreload 668 Watching for file changes with StatReloader
INFO 2023-10-25 20:37:49,040 basehttp 212 "GET /usernames/it/count/ HTTP/1.1" 200 42
INFO 2023-10-25 20:37:50,783 basehttp 212 "GET /usernames/it/count/ HTTP/1.1" 200 42
INFO 2023-10-25 20:37:56,754 basehttp 212 "GET /usernames/itttt/count/ HTTP/1.1" 200 42
INFO 2023-10-25 20:37:59,658 basehttp 212 "GET /usernames/ittttt/count/ HTTP/1.1" 200 42
INFO 2023-10-25 20:38:28,593 autoreload 266 C:\Users\guota\OneDrive\桌面\duoduo_project\duoduoshop\Myapps\users\views.py changed, reloading.
INFO 2023-10-25 20:38:30,015 autoreload 668 Watching for file changes with StatReloader
INFO 2023-10-25 20:38:32,612 basehttp 212 "GET /usernames/ittttt/count/ HTTP/1.1" 200 42
INFO 2023-10-25 20:38:33,762 basehttp 212 "GET /usernames/ittttt/count/ HTTP/1.1" 200 42
INFO 2023-10-25 20:38:46,167 autoreload 266 C:\Users\guota\OneDrive\桌面\duoduo_project\duoduoshop\Myapps\users\views.py changed, reloading.
INFO 2023-10-25 20:38:47,569 autoreload 668 Watching for file changes with StatReloader
INFO 2023-10-25 20:38:49,102 basehttp 212 "GET /usernames/ittttt/count/ HTTP/1.1" 200 39
INFO 2023-10-25 20:38:51,363 basehttp 212 "GET /usernames/ittttt/count/ HTTP/1.1" 200 39
INFO 2023-10-25 20:38:53,880 basehttp 212 "GET /usernames/itt/count/ HTTP/1.1" 200 42
INFO 2023-10-25 20:43:35,881 autoreload 266 C:\Users\guota\OneDrive\桌面\duoduo_project\duoduoshop\duoduoshop\urls.py changed, reloading.
INFO 2023-10-25 20:43:37,309 autoreload 668 Watching for file changes with StatReloader
INFO 2023-10-25 20:44:47,307 autoreload 266 C:\Users\guota\OneDrive\桌面\duoduo_project\duoduoshop\duoduoshop\urls.py changed, reloading.
INFO 2023-10-25 20:44:48,745 autoreload 668 Watching for file changes with StatReloader
INFO 2023-10-25 20:45:00,892 autoreload 266 C:\Users\guota\OneDrive\桌面\duoduo_project\duoduoshop\duoduoshop\urls.py changed, reloading.
INFO 2023-10-25 20:45:02,291 autoreload 668 Watching for file changes with StatReloader
INFO 2023-10-25 20:46:15,575 autoreload 266 C:\Users\guota\OneDrive\桌面\duoduo_project\duoduoshop\duoduoshop\urls.py changed, reloading.
INFO 2023-10-25 20:46:17,002 autoreload 668 Watching for file changes with StatReloader
INFO 2023-10-25 20:46:31,776 autoreload 266 C:\Users\guota\OneDrive\桌面\duoduo_project\duoduoshop\Myapps\users\views.py changed, reloading.
INFO 2023-10-25 20:46:33,209 autoreload 668 Watching for file changes with StatReloader
WARNING 2023-10-25 20:46:35,513 log 241 Not Found: /usernames/itt/count/
WARNING 2023-10-25 20:46:35,513 basehttp 212 "GET /usernames/itt/count/ HTTP/1.1" 404 2330
WARNING 2023-10-25 20:46:42,253 log 241 Not Found: /usernames/itt/count/
WARNING 2023-10-25 20:46:42,253 basehttp 212 "GET /usernames/itt/count/ HTTP/1.1" 404 2330
WARNING 2023-10-25 20:46:46,029 log 241 Not Found: /usernames/ittttt/count/
WARNING 2023-10-25 20:46:46,029 basehttp 212 "GET /usernames/ittttt/count/ HTTP/1.1" 404 2339
WARNING 2023-10-25 20:46:47,594 log 241 Not Found: /usernames/ittttt/count/
WARNING 2023-10-25 20:46:47,595 basehttp 212 "GET /usernames/ittttt/count/ HTTP/1.1" 404 2339
INFO 2023-10-25 20:49:46,699 autoreload 266 C:\Users\guota\OneDrive\桌面\duoduo_project\duoduoshop\Myapps\users\urls.py changed, reloading.
INFO 2023-10-25 20:49:48,124 autoreload 668 Watching for file changes with StatReloader
INFO 2023-10-25 20:49:54,192 autoreload 266 C:\Users\guota\OneDrive\桌面\duoduo_project\duoduoshop\Myapps\users\urls.py changed, reloading.
INFO 2023-10-25 20:49:55,601 autoreload 668 Watching for file changes with StatReloader
INFO 2023-10-25 20:50:04,477 basehttp 212 "GET /usernames/ittttt/count/ HTTP/1.1" 200 39
WARNING 2023-10-25 20:50:08,486 log 241 Not Found: /usernames/ittt/count/
WARNING 2023-10-25 20:50:08,487 basehttp 212 "GET /usernames/ittt/count/ HTTP/1.1" 404 2333
INFO 2023-10-25 21:09:10,950 autoreload 266 C:\Users\guota\OneDrive\桌面\duoduo_project\duoduoshop\duoduoshop\settings.py changed, reloading.
INFO 2023-10-25 21:09:12,344 autoreload 668 Watching for file changes with StatReloader
INFO 2023-10-25 21:16:54,459 autoreload 668 Watching for file changes with StatReloader
INFO 2023-10-25 21:18:16,445 autoreload 668 Watching for file changes with StatReloader
INFO 2023-10-25 21:19:56,786 autoreload 668 Watching for file changes with StatReloader
INFO 2023-10-25 21:20:14,487 autoreload 668 Watching for file changes with StatReloader
WARNING 2023-10-25 21:20:18,758 log 241 Not Found: /
WARNING 2023-10-25 21:20:18,759 basehttp 212 "GET / HTTP/1.1" 404 2262
WARNING 2023-10-25 21:20:26,206 log 241 Not Found: /users
WARNING 2023-10-25 21:20:26,207 basehttp 212 "GET /users HTTP/1.1" 404 2295
WARNING 2023-10-25 21:20:29,081 log 241 Not Found: /user
WARNING 2023-10-25 21:20:29,082 basehttp 212 "GET /user HTTP/1.1" 404 2292
WARNING 2023-10-25 21:21:34,669 log 241 Not Found: /usernames/ittt/count/
WARNING 2023-10-25 21:21:34,669 basehttp 212 "GET /usernames/ittt/count/ HTTP/1.1" 404 2333
INFO 2023-10-25 21:21:39,327 basehttp 212 "GET /usernames/itttt/count/ HTTP/1.1" 200 39
INFO 2023-10-25 21:24:23,964 autoreload 668 Watching for file changes with StatReloader
WARNING 2023-10-25 21:27:48,079 log 241 Not Found: /
WARNING 2023-10-25 21:27:48,080 basehttp 212 "GET / HTTP/1.1" 404 2252
INFO 2023-10-25 21:29:51,304 basehttp 212 "GET /usernames/itttt/count/ HTTP/1.1" 200 39
INFO 2023-10-25 21:29:58,073 basehttp 212 "GET /usernames/itttt/count/ HTTP/1.1" 200 39
WARNING 2023-10-25 21:34:42,246 log 241 Not Found: /image_codes/6d730584-2253-4df1-9624-dadbb5f32ee7/
WARNING 2023-10-25 21:34:42,247 basehttp 212 "GET /image_codes/6d730584-2253-4df1-9624-dadbb5f32ee7/ HTTP/1.1" 404 2417
INFO 2023-10-25 21:34:51,808 basehttp 212 "GET /usernames/guotan/count/ HTTP/1.1" 200 39
WARNING 2023-10-25 21:35:00,732 log 241 Not Found: /image_codes/908eda6e-f5d8-43f1-bbb1-4bc558ce093b/
WARNING 2023-10-25 21:35:00,733 basehttp 212 "GET /image_codes/908eda6e-f5d8-43f1-bbb1-4bc558ce093b/ HTTP/1.1" 404 2417
INFO 2023-10-25 21:35:39,507 basehttp 212 "GET /usernames/guotan/count/ HTTP/1.1" 200 39
INFO 2023-10-25 21:35:41,534 basehttp 212 "GET /usernames/guotan/count/ HTTP/1.1" 200 39
INFO 2023-10-25 21:35:46,101 basehttp 212 "GET /usernames/guotan/count/ HTTP/1.1" 200 39
INFO 2023-10-25 21:35:48,020 basehttp 212 "GET /usernames/guotan/count/ HTTP/1.1" 200 39
INFO 2023-10-25 21:37:11,644 autoreload 266 C:\Users\guota\OneDrive\桌面\duoduo_project\duoduoshop\Myapps\users\views.py changed, reloading.
INFO 2023-10-25 21:37:13,142 autoreload 668 Watching for file changes with StatReloader
INFO 2023-10-25 21:37:17,444 basehttp 212 "GET /usernames/guotan/count/ HTTP/1.1" 200 50
INFO 2023-10-25 21:37:19,203 basehttp 212 "GET /usernames/guotan/count/ HTTP/1.1" 200 50
INFO 2023-10-26 22:12:43,897 autoreload 668 Watching for file changes with StatReloader
INFO 2023-10-26 22:16:56,326 autoreload 668 Watching for file changes with StatReloader
WARNING 2023-10-26 22:17:35,864 log 241 Not Found: /
WARNING 2023-10-26 22:17:35,864 basehttp 212 "GET / HTTP/1.1" 404 2252
WARNING 2023-10-26 22:17:35,881 log 241 Not Found: /
WARNING 2023-10-26 22:17:35,883 basehttp 212 "GET / HTTP/1.1" 404 2252
WARNING 2023-10-26 22:17:36,135 log 241 Not Found: /favicon.ico
WARNING 2023-10-26 22:17:36,136 basehttp 212 "GET /favicon.ico HTTP/1.1" 404 2303
INFO 2023-10-26 22:19:03,823 basehttp 212 "GET /usernames/guotan/count/ HTTP/1.1" 200 50
WARNING 2023-10-26 22:19:09,450 log 241 Not Found: /usernames/g/tan/count/
WARNING 2023-10-26 22:19:09,451 basehttp 212 "GET /usernames/g/tan/count/ HTTP/1.1" 404 2336
WARNING 2023-10-26 22:19:14,165 log 241 Not Found: /usernames/gtan/count/
WARNING 2023-10-26 22:19:14,165 basehttp 212 "GET /usernames/gtan/count/ HTTP/1.1" 404 2333
INFO 2023-10-26 22:22:05,766 basehttp 212 "GET /usernames/guotan/count/ HTTP/1.1" 200 50
WARNING 2023-10-26 22:33:24,077 log 241 Not Found: /carts/simple/
WARNING 2023-10-26 22:33:24,077 basehttp 212 "GET /carts/simple/ HTTP/1.1" 404 2319
WARNING 2023-10-26 22:33:53,081 log 241 Not Found: /carts/simple/
WARNING 2023-10-26 22:33:53,081 basehttp 212 "GET /carts/simple/ HTTP/1.1" 404 2319
WARNING 2023-10-26 22:33:57,020 log 241 Not Found: /list/115/skus/
WARNING 2023-10-26 22:33:57,021 basehttp 212 "GET /list/115/skus/?page=1&page_size=5&ordering=-create_time HTTP/1.1" 404 2371
WARNING 2023-10-26 22:33:57,023 log 241 Not Found: /hot/115/
WARNING 2023-10-26 22:33:57,025 log 241 Not Found: /carts/simple/
WARNING 2023-10-26 22:33:57,026 basehttp 212 "GET /hot/115/ HTTP/1.1" 404 2304
WARNING 2023-10-26 22:33:57,026 basehttp 212 "GET /carts/simple/ HTTP/1.1" 404 2319
WARNING 2023-10-26 22:33:59,765 log 241 Not Found: /list/115/skus/
WARNING 2023-10-26 22:33:59,765 basehttp 212 "GET /list/115/skus/?page=1&page_size=5&ordering=price HTTP/1.1" 404 2364
WARNING 2023-10-26 22:34:00,227 log 241 Not Found: /list/115/skus/
WARNING 2023-10-26 22:34:00,227 basehttp 212 "GET /list/115/skus/?page=1&page_size=5&ordering=-create_time HTTP/1.1" 404 2371
WARNING 2023-10-26 22:34:01,067 log 241 Not Found: /list/115/skus/
WARNING 2023-10-26 22:34:01,068 basehttp 212 "GET /list/115/skus/?page=1&page_size=5&ordering=-create_time HTTP/1.1" 404 2371
WARNING 2023-10-26 22:34:01,069 log 241 Not Found: /hot/115/
WARNING 2023-10-26 22:34:01,072 log 241 Not Found: /carts/simple/
WARNING 2023-10-26 22:34:01,072 basehttp 212 "GET /hot/115/ HTTP/1.1" 404 2304
WARNING 2023-10-26 22:34:01,073 basehttp 212 "GET /carts/simple/ HTTP/1.1" 404 2319
WARNING 2023-10-26 22:34:06,015 log 241 Not Found: /carts/simple/
WARNING 2023-10-26 22:34:06,015 basehttp 212 "GET /carts/simple/ HTTP/1.1" 404 2319
WARNING 2023-10-26 22:36:20,801 log 241 Not Found: /image_codes/48e7a567-18cc-44a0-b34c-3087075caa06/
WARNING 2023-10-26 22:36:20,802 basehttp 212 "GET /image_codes/48e7a567-18cc-44a0-b34c-3087075caa06/ HTTP/1.1" 404 2427
INFO 2023-10-26 22:44:00,042 autoreload 266 C:\Users\guota\OneDrive\桌面\duoduo_project\duoduoshop\Myapps\users\views.py changed, reloading.
INFO 2023-10-26 22:44:02,163 autoreload 668 Watching for file changes with StatReloader
INFO 2023-10-26 22:54:30,557 autoreload 266 C:\Users\guota\OneDrive\桌面\duoduo_project\duoduoshop\Myapps\users\views.py changed, reloading.
INFO 2023-10-26 22:54:32,182 autoreload 668 Watching for file changes with StatReloader
INFO 2023-10-26 22:56:40,505 autoreload 266 C:\Users\guota\OneDrive\桌面\duoduo_project\duoduoshop\Myapps\users\views.py changed, reloading.
INFO 2023-10-26 22:56:41,882 autoreload 668 Watching for file changes with StatReloader
INFO 2023-10-26 22:58:08,153 autoreload 266 C:\Users\guota\OneDrive\桌面\duoduo_project\duoduoshop\Myapps\users\views.py changed, reloading.
INFO 2023-10-26 22:58:09,600 autoreload 668 Watching for file changes with StatReloader
INFO 2023-10-26 23:03:49,633 autoreload 266 C:\Users\guota\OneDrive\桌面\duoduo_project\duoduoshop\Myapps\users\views.py changed, reloading.
INFO 2023-10-26 23:03:51,143 autoreload 668 Watching for file changes with StatReloader
INFO 2023-10-26 23:04:40,925 autoreload 266 C:\Users\guota\OneDrive\桌面\duoduo_project\duoduoshop\Myapps\users\views.py changed, reloading.
INFO 2023-10-26 23:04:42,319 autoreload 668 Watching for file changes with StatReloader
INFO 2023-10-26 23:06:16,259 autoreload 266 C:\Users\guota\OneDrive\桌面\duoduo_project\duoduoshop\Myapps\users\views.py changed, reloading.
INFO 2023-10-26 23:06:17,629 autoreload 668 Watching for file changes with StatReloader
INFO 2023-10-26 23:06:39,431 autoreload 266 C:\Users\guota\OneDrive\桌面\duoduo_project\duoduoshop\Myapps\users\views.py changed, reloading.
INFO 2023-10-26 23:06:40,841 autoreload 668 Watching for file changes with StatReloader
INFO 2023-10-26 23:06:53,575 basehttp 212 "GET /usernames/guotan/count/ HTTP/1.1" 200 50
INFO 2023-10-26 23:06:53,694 basehttp 212 "GET /usernames/guotan/count/ HTTP/1.1" 200 50
INFO 2023-10-26 23:06:54,925 basehttp 212 "GET /usernames/guotan/count/ HTTP/1.1" 200 50
INFO 2023-10-26 23:06:55,859 basehttp 212 "GET /usernames/guotan/count/ HTTP/1.1" 200 50
WARNING 2023-10-26 23:07:18,768 log 241 Not Found: /mobiles/18687529472/count/
WARNING 2023-10-26 23:07:18,769 basehttp 212 "GET /mobiles/18687529472/count/ HTTP/1.1" 404 2358
INFO 2023-10-26 23:07:23,180 basehttp 212 "OPTIONS /register/ HTTP/1.1" 200 0
INFO 2023-10-26 23:07:23,183 basehttp 212 "GET /usernames/guotan/count/ HTTP/1.1" 200 50
WARNING 2023-10-26 23:07:23,194 log 241 Not Found: /mobiles/18687529472/count/
WARNING 2023-10-26 23:07:23,195 basehttp 212 "GET /mobiles/18687529472/count/ HTTP/1.1" 404 2358
WARNING 2023-10-26 23:07:23,205 log 241 Not Found: /register/
WARNING 2023-10-26 23:07:23,206 basehttp 212 "POST /register/ HTTP/1.1" 404 2308
INFO 2023-10-26 23:08:14,496 autoreload 266 C:\Users\guota\OneDrive\桌面\duoduo_project\duoduoshop\Myapps\users\urls.py changed, reloading.
INFO 2023-10-26 23:08:15,868 autoreload 668 Watching for file changes with StatReloader
INFO 2023-10-26 23:09:04,524 autoreload 266 C:\Users\guota\OneDrive\桌面\duoduo_project\duoduoshop\Myapps\users\views.py changed, reloading.
INFO 2023-10-26 23:09:05,977 autoreload 668 Watching for file changes with StatReloader
INFO 2023-10-26 23:09:25,199 autoreload 266 C:\Users\guota\OneDrive\桌面\duoduo_project\duoduoshop\Myapps\users\views.py changed, reloading.
INFO 2023-10-26 23:09:26,594 autoreload 668 Watching for file changes with StatReloader
WARNING 2023-10-26 23:09:28,701 log 241 Forbidden (Origin checking failed - http://www.duoduoshop.site:8080 does not match any trusted origins.): /register/
WARNING 2023-10-26 23:09:28,704 basehttp 212 "POST /register/ HTTP/1.1" 403 2574
INFO 2023-10-26 23:09:28,707 basehttp 212 "GET /usernames/guotan/count/ HTTP/1.1" 200 50
WARNING 2023-10-26 23:09:28,721 log 241 Not Found: /mobiles/18687529472/count/
WARNING 2023-10-26 23:09:28,721 basehttp 212 "GET /mobiles/18687529472/count/ HTTP/1.1" 404 2514
WARNING 2023-10-26 23:09:52,464 log 241 Forbidden (Origin checking failed - http://www.duoduoshop.site:8080 does not match any trusted origins.): /register/
WARNING 2023-10-26 23:09:52,467 basehttp 212 "POST /register/ HTTP/1.1" 403 2574
INFO 2023-10-26 23:09:52,470 basehttp 212 "GET /usernames/guotan/count/ HTTP/1.1" 200 50
WARNING 2023-10-26 23:09:52,480 log 241 Not Found: /mobiles/18687529472/count/
WARNING 2023-10-26 23:09:52,480 basehttp 212 "GET /mobiles/18687529472/count/ HTTP/1.1" 404 2514
WARNING 2023-10-26 23:09:53,025 log 241 Forbidden (Origin checking failed - http://www.duoduoshop.site:8080 does not match any trusted origins.): /register/
WARNING 2023-10-26 23:09:53,030 basehttp 212 "POST /register/ HTTP/1.1" 403 2574
INFO 2023-10-26 23:09:53,033 basehttp 212 "GET /usernames/guotan/count/ HTTP/1.1" 200 50
WARNING 2023-10-26 23:09:53,043 log 241 Not Found: /mobiles/18687529472/count/
WARNING 2023-10-26 23:09:53,043 basehttp 212 "GET /mobiles/18687529472/count/ HTTP/1.1" 404 2514
WARNING 2023-10-26 23:09:53,443 log 241 Forbidden (Origin checking failed - http://www.duoduoshop.site:8080 does not match any trusted origins.): /register/
WARNING 2023-10-26 23:09:53,446 basehttp 212 "POST /register/ HTTP/1.1" 403 2574
WARNING 2023-10-26 23:09:53,456 log 241 Not Found: /mobiles/18687529472/count/
WARNING 2023-10-26 23:09:53,457 basehttp 212 "GET /mobiles/18687529472/count/ HTTP/1.1" 404 2514
INFO 2023-10-26 23:09:53,461 basehttp 212 "GET /usernames/guotan/count/ HTTP/1.1" 200 50
INFO 2023-10-26 23:10:17,684 autoreload 266 C:\Users\guota\OneDrive\桌面\duoduo_project\duoduoshop\Myapps\users\urls.py changed, reloading.
INFO 2023-10-26 23:10:19,068 autoreload 668 Watching for file changes with StatReloader
INFO 2023-10-26 23:10:21,495 basehttp 212 "GET /usernames/guotan/count/ HTTP/1.1" 200 50
WARNING 2023-10-26 23:10:21,516 log 241 Not Found: /mobiles/18687529472/count/
WARNING 2023-10-26 23:10:21,516 basehttp 212 "GET /mobiles/18687529472/count/ HTTP/1.1" 404 2522
WARNING 2023-10-26 23:10:21,518 log 241 Not Found: /register/
WARNING 2023-10-26 23:10:21,519 basehttp 212 "POST /register/ HTTP/1.1" 404 2472
INFO 2023-10-26 23:12:57,028 autoreload 266 C:\Users\guota\OneDrive\桌面\duoduo_project\duoduoshop\Myapps\users\views.py changed, reloading.
INFO 2023-10-26 23:12:58,442 autoreload 668 Watching for file changes with StatReloader
INFO 2023-10-26 23:15:30,428 autoreload 266 C:\Users\guota\OneDrive\桌面\duoduo_project\duoduoshop\Myapps\users\views.py changed, reloading.
INFO 2023-10-26 23:15:31,918 autoreload 668 Watching for file changes with StatReloader
INFO 2023-10-26 23:18:26,085 autoreload 266 C:\Users\guota\OneDrive\桌面\duoduo_project\duoduoshop\Myapps\users\views.py changed, reloading.
INFO 2023-10-26 23:18:27,493 autoreload 668 Watching for file changes with StatReloader
INFO 2023-10-26 23:18:58,671 autoreload 266 C:\Users\guota\OneDrive\桌面\duoduo_project\duoduoshop\Myapps\users\views.py changed, reloading.
INFO 2023-10-26 23:19:00,041 autoreload 668 Watching for file changes with StatReloader
INFO 2023-10-26 23:20:13,768 autoreload 266 C:\Users\guota\OneDrive\桌面\duoduo_project\duoduoshop\Myapps\users\views.py changed, reloading.
INFO 2023-10-26 23:20:15,137 autoreload 668 Watching for file changes with StatReloader
INFO 2023-10-26 23:21:50,613 autoreload 266 C:\Users\guota\OneDrive\桌面\duoduo_project\duoduoshop\Myapps\users\views.py changed, reloading.
INFO 2023-10-26 23:21:52,002 autoreload 668 Watching for file changes with StatReloader
INFO 2023-10-26 23:24:11,181 autoreload 266 C:\Users\guota\OneDrive\桌面\duoduo_project\duoduoshop\Myapps\users\views.py changed, reloading.
INFO 2023-10-26 23:24:12,585 autoreload 668 Watching for file changes with StatReloader
INFO 2023-10-26 23:26:19,759 autoreload 266 C:\Users\guota\OneDrive\桌面\duoduo_project\duoduoshop\Myapps\users\views.py changed, reloading.
INFO 2023-10-26 23:26:21,258 autoreload 668 Watching for file changes with StatReloader
INFO 2023-10-26 23:28:40,541 autoreload 266 C:\Users\guota\OneDrive\桌面\duoduo_project\duoduoshop\Myapps\users\views.py changed, reloading.
INFO 2023-10-26 23:28:41,959 autoreload 668 Watching for file changes with StatReloader
INFO 2023-10-26 23:43:02,244 autoreload 266 C:\Users\guota\OneDrive\桌面\duoduo_project\duoduoshop\Myapps\users\views.py changed, reloading.
INFO 2023-10-26 23:43:03,736 autoreload 668 Watching for file changes with StatReloader
INFO 2023-10-26 23:49:05,634 autoreload 266 C:\Users\guota\OneDrive\桌面\duoduo_project\duoduoshop\Myapps\users\views.py changed, reloading.
INFO 2023-10-26 23:49:07,073 autoreload 668 Watching for file changes with StatReloader
INFO 2023-10-26 23:51:22,825 autoreload 266 C:\Users\guota\OneDrive\桌面\duoduo_project\duoduoshop\Myapps\users\views.py changed, reloading.
INFO 2023-10-26 23:51:24,223 autoreload 668 Watching for file changes with StatReloader
INFO 2023-10-26 23:53:07,742 autoreload 266 C:\Users\guota\OneDrive\桌面\duoduo_project\duoduoshop\Myapps\users\views.py changed, reloading.
INFO 2023-10-26 23:53:09,123 autoreload 668 Watching for file changes with StatReloader
INFO 2023-10-26 23:55:29,735 basehttp 212 "GET /usernames/guotan/count/ HTTP/1.1" 200 50
WARNING 2023-10-26 23:55:46,804 log 241 Not Found: /image_codes/fcd10ca8-c6fa-4e17-9a08-674e3635eb35/
WARNING 2023-10-26 23:55:46,805 basehttp 212 "GET /image_codes/fcd10ca8-c6fa-4e17-9a08-674e3635eb35/ HTTP/1.1" 404 2583
INFO 2023-10-26 23:55:51,838 basehttp 212 "GET /usernames/guotan/count/ HTTP/1.1" 200 50
INFO 2023-10-26 23:55:56,906 basehttp 212 "GET /usernames/guotan/count/ HTTP/1.1" 200 50
INFO 2023-10-26 23:55:58,190 basehttp 212 "GET /usernames/guotan/count/ HTTP/1.1" 200 50
WARNING 2023-10-26 23:56:22,040 log 241 Not Found: /image_codes/fe534085-00f0-45f2-ba07-d7a2ad834ee0/
WARNING 2023-10-26 23:56:22,041 basehttp 212 "GET /image_codes/fe534085-00f0-45f2-ba07-d7a2ad834ee0/ HTTP/1.1" 404 2583
INFO 2023-10-26 23:56:24,745 basehttp 212 "GET /usernames/guotan/count/ HTTP/1.1" 200 50
WARNING 2023-10-26 23:56:38,299 log 241 Not Found: /mobiles/18687529472/count/
WARNING 2023-10-26 23:56:38,300 basehttp 212 "GET /mobiles/18687529472/count/ HTTP/1.1" 404 2514
INFO 2023-10-26 23:56:41,502 basehttp 212 "GET /usernames/guotan/count/ HTTP/1.1" 200 50
WARNING 2023-10-26 23:56:41,507 log 241 Forbidden (Origin checking failed - http://www.duoduoshop.site:8080 does not match any trusted origins.): /register/
WARNING 2023-10-26 23:56:41,511 basehttp 212 "POST /register/ HTTP/1.1" 403 2574
WARNING 2023-10-26 23:56:41,517 log 241 Not Found: /mobiles/18687529472/count/
WARNING 2023-10-26 23:56:41,517 basehttp 212 "GET /mobiles/18687529472/count/ HTTP/1.1" 404 2514
WARNING 2023-10-27 00:01:21,783 log 241 Forbidden (CSRF cookie not set.): /register/
WARNING 2023-10-27 00:01:21,783 basehttp 212 "POST /register/ HTTP/1.1" 403 2801
INFO 2023-10-27 00:02:12,181 autoreload 266 C:\Users\guota\OneDrive\桌面\duoduo_project\duoduoshop\duoduoshop\settings.py changed, reloading.
INFO 2023-10-27 00:02:13,566 autoreload 668 Watching for file changes with StatReloader
INFO 2023-10-27 00:02:38,498 autoreload 266 C:\Users\guota\OneDrive\桌面\duoduo_project\duoduoshop\Myapps\users\views.py changed, reloading.
INFO 2023-10-27 00:02:39,899 autoreload 668 Watching for file changes with StatReloader
INFO 2023-10-27 00:03:17,700 autoreload 266 C:\Users\guota\OneDrive\桌面\duoduo_project\duoduoshop\Myapps\users\views.py changed, reloading.
INFO 2023-10-27 00:03:19,120 autoreload 668 Watching for file changes with StatReloader
INFO 2023-10-27 00:03:50,645 autoreload 266 C:\Users\guota\OneDrive\桌面\duoduo_project\duoduoshop\Myapps\users\views.py changed, reloading.
INFO 2023-10-27 00:03:52,051 autoreload 668 Watching for file changes with StatReloader
INFO 2023-10-27 00:11:14,938 basehttp 212 "POST /register/ HTTP/1.1" 200 46
INFO 2023-10-27 00:11:14,945 basehttp 212 "GET /usernames/guotan/count/ HTTP/1.1" 200 50
WARNING 2023-10-27 00:11:14,957 log 241 Not Found: /mobiles/18687529472/count/
WARNING 2023-10-27 00:11:14,959 basehttp 212 "GET /mobiles/18687529472/count/ HTTP/1.1" 404 2514
INFO 2023-10-27 00:11:20,909 basehttp 212 "POST /register/ HTTP/1.1" 200 46
INFO 2023-10-27 00:11:20,912 basehttp 212 "GET /usernames/guotan/count/ HTTP/1.1" 200 50
WARNING 2023-10-27 00:11:20,921 log 241 Not Found: /mobiles/18687529472/count/
WARNING 2023-10-27 00:11:20,921 basehttp 212 "GET /mobiles/18687529472/count/ HTTP/1.1" 404 2514
INFO 2023-10-27 00:11:24,412 basehttp 212 "GET /usernames/guotan/count/ HTTP/1.1" 200 50
INFO 2023-10-27 00:12:40,207 basehttp 212 "GET /usernames/guotan/count/ HTTP/1.1" 200 50
INFO 2023-10-27 00:12:50,894 basehttp 212 "GET /usernames/guotan/count/ HTTP/1.1" 200 50
WARNING 2023-10-27 00:12:52,951 log 241 Not Found: /mobiles/18687529472/count/
WARNING 2023-10-27 00:12:52,952 basehttp 212 "GET /mobiles/18687529472/count/ HTTP/1.1" 404 2514
INFO 2023-10-27 00:12:56,733 basehttp 212 "GET /usernames/guotan/count/ HTTP/1.1" 200 50
INFO 2023-10-27 00:12:57,430 basehttp 212 "GET /usernames/guotan/count/ HTTP/1.1" 200 50
INFO 2023-10-27 00:13:01,335 basehttp 212 "GET /usernames/guotan/count/ HTTP/1.1" 200 50
INFO 2023-10-27 00:13:01,986 basehttp 212 "GET /usernames/guotan/count/ HTTP/1.1" 200 50
WARNING 2023-10-27 00:13:05,170 log 241 Not Found: /mobiles/18687529472/count/
WARNING 2023-10-27 00:13:05,171 basehttp 212 "GET /mobiles/18687529472/count/ HTTP/1.1" 404 2514
INFO 2023-10-27 00:13:05,226 basehttp 212 "POST /register/ HTTP/1.1" 200 46
INFO 2023-10-27 00:13:05,231 basehttp 212 "GET /usernames/guotan/count/ HTTP/1.1" 200 50
WARNING 2023-10-27 00:13:05,240 log 241 Not Found: /mobiles/18687529472/count/
WARNING 2023-10-27 00:13:05,241 basehttp 212 "GET /mobiles/18687529472/count/ HTTP/1.1" 404 2514
WARNING 2023-10-27 00:13:16,504 log 241 Not Found: /image_codes/56a4b5cd-d21a-4417-a31c-a6090273c528/
WARNING 2023-10-27 00:13:16,504 basehttp 212 "GET /image_codes/56a4b5cd-d21a-4417-a31c-a6090273c528/ HTTP/1.1" 404 2583
WARNING 2023-10-27 00:13:26,195 log 241 Not Found: /image_codes/5434becf-f996-490e-8de1-88e257166c37/
WARNING 2023-10-27 00:13:26,195 basehttp 212 "GET /image_codes/5434becf-f996-490e-8de1-88e257166c37/ HTTP/1.1" 404 2583
INFO 2023-10-27 00:13:28,486 basehttp 212 "GET /usernames/guotan/count/ HTTP/1.1" 200 50
INFO 2023-10-27 00:35:05,324 autoreload 668 Watching for file changes with StatReloader
INFO 2023-10-27 00:36:59,278 autoreload 668 Watching for file changes with StatReloader
INFO 2023-10-27 00:38:34,995 autoreload 668 Watching for file changes with StatReloader
INFO 2023-10-27 00:41:03,035 autoreload 668 Watching for file changes with StatReloader
INFO 2023-10-27 00:47:18,588 autoreload 668 Watching for file changes with StatReloader
INFO 2023-10-27 00:50:13,910 autoreload 668 Watching for file changes with StatReloader
INFO 2023-10-27 00:53:40,135 autoreload 668 Watching for file changes with StatReloader
INFO 2023-10-27 00:55:09,562 basehttp 212 "POST /register/ HTTP/1.1" 200 55
INFO 2023-10-27 00:55:16,251 basehttp 212 "POST /register/ HTTP/1.1" 200 55
INFO 2023-10-27 00:55:17,813 basehttp 212 "POST /register/ HTTP/1.1" 200 55
INFO 2023-10-27 00:55:19,174 basehttp 212 "POST /register/ HTTP/1.1" 200 55
INFO 2023-10-27 00:55:29,994 autoreload 668 Watching for file changes with StatReloader
INFO 2023-10-27 00:55:35,952 basehttp 212 "POST /register/ HTTP/1.1" 200 55
INFO 2023-10-27 00:55:39,232 basehttp 212 "POST /register/ HTTP/1.1" 200 55
INFO 2023-10-27 00:56:27,107 autoreload 668 Watching for file changes with StatReloader
INFO 2023-10-27 00:56:59,166 autoreload 668 Watching for file changes with StatReloader
INFO 2023-10-27 00:57:01,092 basehttp 212 "POST /register/ HTTP/1.1" 200 46
INFO 2023-10-27 00:58:32,042 autoreload 266 C:\Users\guota\Project\duoduo_project\duoduoshop\Myapps\users\views.py changed, reloading.
INFO 2023-10-27 00:58:33,456 autoreload 668 Watching for file changes with StatReloader
INFO 2023-10-27 00:58:35,089 basehttp 212 "POST /register/ HTTP/1.1" 200 46
INFO 2023-10-27 01:00:11,497 autoreload 266 C:\Users\guota\Project\duoduo_project\duoduoshop\Myapps\users\views.py changed, reloading.
INFO 2023-10-27 01:00:12,976 autoreload 668 Watching for file changes with StatReloader
INFO 2023-10-27 01:00:14,548 basehttp 212 "POST /register/ HTTP/1.1" 200 46
INFO 2023-10-27 01:00:59,686 autoreload 266 C:\Users\guota\Project\duoduo_project\duoduoshop\Myapps\users\views.py changed, reloading.
INFO 2023-10-27 01:01:01,243 autoreload 668 Watching for file changes with StatReloader
INFO 2023-10-27 01:01:03,620 basehttp 212 "POST /register/ HTTP/1.1" 200 53
INFO 2023-10-27 01:02:52,358 autoreload 266 C:\Users\guota\Project\duoduo_project\duoduoshop\Myapps\users\views.py changed, reloading.
INFO 2023-10-27 01:02:53,853 autoreload 668 Watching for file changes with StatReloader
INFO 2023-10-27 01:02:55,849 basehttp 212 "POST /register/ HTTP/1.1" 200 56
INFO 2023-10-27 01:03:20,649 autoreload 668 Watching for file changes with StatReloader
INFO 2023-10-27 01:03:35,983 autoreload 668 Watching for file changes with StatReloader
INFO 2023-10-27 01:03:38,978 basehttp 212 "POST /register/ HTTP/1.1" 200 38
INFO 2023-10-27 11:25:52,299 autoreload 668 Watching for file changes with StatReloader
WARNING 2023-10-27 11:26:32,344 log 241 Not Found: /image_codes/b20fb332-c7ac-4855-a1be-b15b1e52a827/
WARNING 2023-10-27 11:26:32,344 basehttp 212 "GET /image_codes/b20fb332-c7ac-4855-a1be-b15b1e52a827/ HTTP/1.1" 404 2583
WARNING 2023-10-27 11:27:38,386 log 241 Not Found: /mobiles/15189499298/count/
WARNING 2023-10-27 11:27:38,387 basehttp 212 "GET /mobiles/15189499298/count/ HTTP/1.1" 404 2514
WARNING 2023-10-27 11:27:42,020 log 241 Not Found: /mobiles/15189499298/count/
WARNING 2023-10-27 11:27:42,020 basehttp 212 "GET /mobiles/15189499298/count/ HTTP/1.1" 404 2514
WARNING 2023-10-27 11:27:42,415 log 241 Not Found: /mobiles/15189499298/count/
WARNING 2023-10-27 11:27:42,415 basehttp 212 "GET /mobiles/15189499298/count/ HTTP/1.1" 404 2514
INFO 2023-10-27 11:27:58,894 basehttp 212 "POST /register/ HTTP/1.1" 200 46
INFO 2023-10-27 11:29:58,717 autoreload 668 Watching for file changes with StatReloader
INFO 2023-10-27 11:30:28,817 autoreload 668 Watching for file changes with StatReloader
INFO 2023-10-27 11:31:54,495 autoreload 668 Watching for file changes with StatReloader
INFO 2023-10-27 11:36:41,511 autoreload 668 Watching for file changes with StatReloader
ERROR 2023-10-27 11:36:43,897 log 241 Internal Server Error: /register/
Traceback (most recent call last):
  File "C:\Users\guota\Envs\duoduoshop\lib\site-packages\django\db\backends\utils.py", line 89, in _execute
    return self.cursor.execute(sql, params)
  File "C:\Users\guota\Envs\duoduoshop\lib\site-packages\django\db\backends\mysql\base.py", line 75, in execute
    return self.cursor.execute(query, args)
  File "C:\Users\guota\Envs\duoduoshop\lib\site-packages\MySQLdb\cursors.py", line 179, in execute
    res = self._query(mogrified_query)
  File "C:\Users\guota\Envs\duoduoshop\lib\site-packages\MySQLdb\cursors.py", line 330, in _query
    db.query(q)
  File "C:\Users\guota\Envs\duoduoshop\lib\site-packages\MySQLdb\connections.py", line 255, in query
    _mysql.connection.query(self, query)
MySQLdb.IntegrityError: (1062, "Duplicate entry '18687529472' for key 'tb_users.mobile'")

The above exception was the direct cause of the following exception:

Traceback (most recent call last):
  File "C:\Users\guota\Envs\duoduoshop\lib\site-packages\django\core\handlers\exception.py", line 55, in inner
    response = get_response(request)
  File "C:\Users\guota\Envs\duoduoshop\lib\site-packages\django\core\handlers\base.py", line 197, in _get_response
    response = wrapped_callback(request, *callback_args, **callback_kwargs)
  File "C:\Users\guota\Envs\duoduoshop\lib\site-packages\django\views\generic\base.py", line 104, in view
    return self.dispatch(request, *args, **kwargs)
  File "C:\Users\guota\Envs\duoduoshop\lib\site-packages\django\views\generic\base.py", line 143, in dispatch
    return handler(request, *args, **kwargs)
  File "C:\Users\guota\OneDrive\桌面\duoduo_project\duoduoshop\Myapps\users\views.py", line 101, in post
    User.objects.create(username=username, password=password1, mobile=mobile)
  File "C:\Users\guota\Envs\duoduoshop\lib\site-packages\django\db\models\manager.py", line 87, in manager_method
    return getattr(self.get_queryset(), name)(*args, **kwargs)
  File "C:\Users\guota\Envs\duoduoshop\lib\site-packages\django\db\models\query.py", line 658, in create
    obj.save(force_insert=True, using=self.db)
  File "C:\Users\guota\Envs\duoduoshop\lib\site-packages\django\contrib\auth\base_user.py", line 76, in save
    super().save(*args, **kwargs)
  File "C:\Users\guota\Envs\duoduoshop\lib\site-packages\django\db\models\base.py", line 814, in save
    self.save_base(
  File "C:\Users\guota\Envs\duoduoshop\lib\site-packages\django\db\models\base.py", line 877, in save_base
    updated = self._save_table(
  File "C:\Users\guota\Envs\duoduoshop\lib\site-packages\django\db\models\base.py", line 1020, in _save_table
    results = self._do_insert(
  File "C:\Users\guota\Envs\duoduoshop\lib\site-packages\django\db\models\base.py", line 1061, in _do_insert
    return manager._insert(
  File "C:\Users\guota\Envs\duoduoshop\lib\site-packages\django\db\models\manager.py", line 87, in manager_method
    return getattr(self.get_queryset(), name)(*args, **kwargs)
  File "C:\Users\guota\Envs\duoduoshop\lib\site-packages\django\db\models\query.py", line 1805, in _insert
    return query.get_compiler(using=using).execute_sql(returning_fields)
  File "C:\Users\guota\Envs\duoduoshop\lib\site-packages\django\db\models\sql\compiler.py", line 1822, in execute_sql
    cursor.execute(sql, params)
  File "C:\Users\guota\Envs\duoduoshop\lib\site-packages\django\db\backends\utils.py", line 102, in execute
    return super().execute(sql, params)
  File "C:\Users\guota\Envs\duoduoshop\lib\site-packages\django\db\backends\utils.py", line 67, in execute
    return self._execute_with_wrappers(
  File "C:\Users\guota\Envs\duoduoshop\lib\site-packages\django\db\backends\utils.py", line 80, in _execute_with_wrappers
    return executor(sql, params, many, context)
  File "C:\Users\guota\Envs\duoduoshop\lib\site-packages\django\db\backends\utils.py", line 89, in _execute
    return self.cursor.execute(sql, params)
  File "C:\Users\guota\Envs\duoduoshop\lib\site-packages\django\db\utils.py", line 91, in __exit__
    raise dj_exc_value.with_traceback(traceback) from exc_value
  File "C:\Users\guota\Envs\duoduoshop\lib\site-packages\django\db\backends\utils.py", line 89, in _execute
    return self.cursor.execute(sql, params)
  File "C:\Users\guota\Envs\duoduoshop\lib\site-packages\django\db\backends\mysql\base.py", line 75, in execute
    return self.cursor.execute(query, args)
  File "C:\Users\guota\Envs\duoduoshop\lib\site-packages\MySQLdb\cursors.py", line 179, in execute
    res = self._query(mogrified_query)
  File "C:\Users\guota\Envs\duoduoshop\lib\site-packages\MySQLdb\cursors.py", line 330, in _query
    db.query(q)
  File "C:\Users\guota\Envs\duoduoshop\lib\site-packages\MySQLdb\connections.py", line 255, in query
    _mysql.connection.query(self, query)
django.db.utils.IntegrityError: (1062, "Duplicate entry '18687529472' for key 'tb_users.mobile'")
ERROR 2023-10-27 11:36:43,915 basehttp 212 "POST /register/ HTTP/1.1" 500 198186
INFO 2023-10-27 11:37:23,135 basehttp 212 "POST /register/ HTTP/1.1" 200 38
INFO 2023-10-27 11:38:19,990 autoreload 266 C:\Users\guota\OneDrive\桌面\duoduo_project\duoduoshop\Myapps\users\views.py changed, reloading.
INFO 2023-10-27 11:38:21,489 autoreload 668 Watching for file changes with StatReloader
INFO 2023-10-27 11:38:23,153 basehttp 212 "POST /register/ HTTP/1.1" 200 38
ERROR 2023-10-27 11:38:50,450 log 241 Internal Server Error: /register/
Traceback (most recent call last):
  File "C:\Users\guota\Envs\duoduoshop\lib\site-packages\django\db\backends\utils.py", line 89, in _execute
    return self.cursor.execute(sql, params)
  File "C:\Users\guota\Envs\duoduoshop\lib\site-packages\django\db\backends\mysql\base.py", line 75, in execute
    return self.cursor.execute(query, args)
  File "C:\Users\guota\Envs\duoduoshop\lib\site-packages\MySQLdb\cursors.py", line 179, in execute
    res = self._query(mogrified_query)
  File "C:\Users\guota\Envs\duoduoshop\lib\site-packages\MySQLdb\cursors.py", line 330, in _query
    db.query(q)
  File "C:\Users\guota\Envs\duoduoshop\lib\site-packages\MySQLdb\connections.py", line 255, in query
    _mysql.connection.query(self, query)
MySQLdb.IntegrityError: (1062, "Duplicate entry 'daguoguo' for key 'tb_users.username'")

The above exception was the direct cause of the following exception:

Traceback (most recent call last):
  File "C:\Users\guota\Envs\duoduoshop\lib\site-packages\django\core\handlers\exception.py", line 55, in inner
    response = get_response(request)
  File "C:\Users\guota\Envs\duoduoshop\lib\site-packages\django\core\handlers\base.py", line 197, in _get_response
    response = wrapped_callback(request, *callback_args, **callback_kwargs)
  File "C:\Users\guota\Envs\duoduoshop\lib\site-packages\django\views\generic\base.py", line 104, in view
    return self.dispatch(request, *args, **kwargs)
  File "C:\Users\guota\Envs\duoduoshop\lib\site-packages\django\views\generic\base.py", line 143, in dispatch
    return handler(request, *args, **kwargs)
  File "C:\Users\guota\OneDrive\桌面\duoduo_project\duoduoshop\Myapps\users\views.py", line 100, in post
    User.objects.create(username=username, password=password1, mobile=mobile)
  File "C:\Users\guota\Envs\duoduoshop\lib\site-packages\django\db\models\manager.py", line 87, in manager_method
    return getattr(self.get_queryset(), name)(*args, **kwargs)
  File "C:\Users\guota\Envs\duoduoshop\lib\site-packages\django\db\models\query.py", line 658, in create
    obj.save(force_insert=True, using=self.db)
  File "C:\Users\guota\Envs\duoduoshop\lib\site-packages\django\contrib\auth\base_user.py", line 76, in save
    super().save(*args, **kwargs)
  File "C:\Users\guota\Envs\duoduoshop\lib\site-packages\django\db\models\base.py", line 814, in save
    self.save_base(
  File "C:\Users\guota\Envs\duoduoshop\lib\site-packages\django\db\models\base.py", line 877, in save_base
    updated = self._save_table(
  File "C:\Users\guota\Envs\duoduoshop\lib\site-packages\django\db\models\base.py", line 1020, in _save_table
    results = self._do_insert(
  File "C:\Users\guota\Envs\duoduoshop\lib\site-packages\django\db\models\base.py", line 1061, in _do_insert
    return manager._insert(
  File "C:\Users\guota\Envs\duoduoshop\lib\site-packages\django\db\models\manager.py", line 87, in manager_method
    return getattr(self.get_queryset(), name)(*args, **kwargs)
  File "C:\Users\guota\Envs\duoduoshop\lib\site-packages\django\db\models\query.py", line 1805, in _insert
    return query.get_compiler(using=using).execute_sql(returning_fields)
  File "C:\Users\guota\Envs\duoduoshop\lib\site-packages\django\db\models\sql\compiler.py", line 1822, in execute_sql
    cursor.execute(sql, params)
  File "C:\Users\guota\Envs\duoduoshop\lib\site-packages\django\db\backends\utils.py", line 102, in execute
    return super().execute(sql, params)
  File "C:\Users\guota\Envs\duoduoshop\lib\site-packages\django\db\backends\utils.py", line 67, in execute
    return self._execute_with_wrappers(
  File "C:\Users\guota\Envs\duoduoshop\lib\site-packages\django\db\backends\utils.py", line 80, in _execute_with_wrappers
    return executor(sql, params, many, context)
  File "C:\Users\guota\Envs\duoduoshop\lib\site-packages\django\db\backends\utils.py", line 89, in _execute
    return self.cursor.execute(sql, params)
  File "C:\Users\guota\Envs\duoduoshop\lib\site-packages\django\db\utils.py", line 91, in __exit__
    raise dj_exc_value.with_traceback(traceback) from exc_value
  File "C:\Users\guota\Envs\duoduoshop\lib\site-packages\django\db\backends\utils.py", line 89, in _execute
    return self.cursor.execute(sql, params)
  File "C:\Users\guota\Envs\duoduoshop\lib\site-packages\django\db\backends\mysql\base.py", line 75, in execute
    return self.cursor.execute(query, args)
  File "C:\Users\guota\Envs\duoduoshop\lib\site-packages\MySQLdb\cursors.py", line 179, in execute
    res = self._query(mogrified_query)
  File "C:\Users\guota\Envs\duoduoshop\lib\site-packages\MySQLdb\cursors.py", line 330, in _query
    db.query(q)
  File "C:\Users\guota\Envs\duoduoshop\lib\site-packages\MySQLdb\connections.py", line 255, in query
    _mysql.connection.query(self, query)
django.db.utils.IntegrityError: (1062, "Duplicate entry 'daguoguo' for key 'tb_users.username'")
ERROR 2023-10-27 11:38:50,462 basehttp 212 "POST /register/ HTTP/1.1" 500 198303
INFO 2023-10-27 11:42:20,193 autoreload 266 C:\Users\guota\OneDrive\桌面\duoduo_project\duoduoshop\Myapps\users\views.py changed, reloading.
INFO 2023-10-27 11:42:21,745 autoreload 668 Watching for file changes with StatReloader
INFO 2023-10-27 11:47:50,299 autoreload 266 C:\Users\guota\OneDrive\桌面\duoduo_project\duoduoshop\Myapps\users\views.py changed, reloading.
INFO 2023-10-27 11:47:51,908 autoreload 668 Watching for file changes with StatReloader
ERROR 2023-10-27 11:48:11,374 log 241 Internal Server Error: /register/
Traceback (most recent call last):
  File "C:\Users\guota\Envs\duoduoshop\lib\site-packages\django\core\handlers\exception.py", line 55, in inner
    response = get_response(request)
  File "C:\Users\guota\Envs\duoduoshop\lib\site-packages\django\core\handlers\base.py", line 197, in _get_response
    response = wrapped_callback(request, *callback_args, **callback_kwargs)
  File "C:\Users\guota\Envs\duoduoshop\lib\site-packages\django\views\generic\base.py", line 104, in view
    return self.dispatch(request, *args, **kwargs)
  File "C:\Users\guota\Envs\duoduoshop\lib\site-packages\django\views\generic\base.py", line 143, in dispatch
    return handler(request, *args, **kwargs)
  File "C:\Users\guota\OneDrive\桌面\duoduo_project\duoduoshop\Myapps\users\views.py", line 64, in post
    body_dict = json.loads(body_str)
  File "D:\minicoda\lib\json\__init__.py", line 357, in loads
    return _default_decoder.decode(s)
  File "D:\minicoda\lib\json\decoder.py", line 337, in decode
    obj, end = self.raw_decode(s, idx=_w(s, 0).end())
  File "D:\minicoda\lib\json\decoder.py", line 353, in raw_decode
    obj, end = self.scan_once(s, idx)
json.decoder.JSONDecodeError: Expecting property name enclosed in double quotes: line 1 column 2 (char 1)
ERROR 2023-10-27 11:48:11,377 basehttp 212 "POST /register/ HTTP/1.1" 500 90618
INFO 2023-10-27 11:48:25,009 basehttp 212 "POST /register/ HTTP/1.1" 200 38
INFO 2023-10-27 11:53:01,904 basehttp 212 "GET /usernames/guotan_01/count/ HTTP/1.1" 200 50
INFO 2023-10-27 11:53:15,673 basehttp 212 "OPTIONS /register/ HTTP/1.1" 200 0
INFO 2023-10-27 11:53:15,675 basehttp 212 "GET /usernames/guotan_01/count/ HTTP/1.1" 200 50
INFO 2023-10-27 11:53:15,681 basehttp 212 "POST /register/ HTTP/1.1" 200 55
WARNING 2023-10-27 11:53:15,687 log 241 Not Found: /mobiles/15189499298/count/
WARNING 2023-10-27 11:53:15,688 basehttp 212 "GET /mobiles/15189499298/count/ HTTP/1.1" 404 2514
WARNING 2023-10-27 11:53:22,726 log 241 Not Found: /mobiles/15189499298/count/
WARNING 2023-10-27 11:53:22,727 basehttp 212 "GET /mobiles/15189499298/count/ HTTP/1.1" 404 2514
WARNING 2023-10-27 11:53:27,438 log 241 Not Found: /mobiles/15189499298/count/
WARNING 2023-10-27 11:53:27,439 basehttp 212 "GET /mobiles/15189499298/count/ HTTP/1.1" 404 2514
INFO 2023-10-27 11:53:30,668 basehttp 212 "GET /usernames/guotan_01/count/ HTTP/1.1" 200 50
WARNING 2023-10-27 11:53:46,824 log 241 Not Found: /mobiles/18687529472/count/
WARNING 2023-10-27 11:53:46,824 basehttp 212 "GET /mobiles/18687529472/count/ HTTP/1.1" 404 2514
INFO 2023-10-27 11:53:50,534 basehttp 212 "POST /register/ HTTP/1.1" 200 55
INFO 2023-10-27 11:53:50,539 basehttp 212 "GET /usernames/guotan_01/count/ HTTP/1.1" 200 50
WARNING 2023-10-27 11:53:50,548 log 241 Not Found: /mobiles/18687529472/count/
WARNING 2023-10-27 11:53:50,548 basehttp 212 "GET /mobiles/18687529472/count/ HTTP/1.1" 404 2514
INFO 2023-10-27 11:54:21,125 autoreload 668 Watching for file changes with StatReloader
INFO 2023-10-27 11:54:22,430 basehttp 212 "GET /usernames/guotan_01/count/ HTTP/1.1" 200 50
WARNING 2023-10-27 11:54:22,480 log 241 Not Found: /mobiles/18687529472/count/
WARNING 2023-10-27 11:54:22,481 basehttp 212 "GET /mobiles/18687529472/count/ HTTP/1.1" 404 2514
INFO 2023-10-27 11:54:52,827 autoreload 266 C:\Users\guota\OneDrive\桌面\duoduo_project\duoduoshop\Myapps\users\views.py changed, reloading.
INFO 2023-10-27 11:54:55,462 autoreload 668 Watching for file changes with StatReloader
INFO 2023-10-27 11:54:58,025 basehttp 212 "GET /usernames/guotan_01/count/ HTTP/1.1" 200 50
WARNING 2023-10-27 11:54:58,061 log 241 Not Found: /mobiles/18687529472/count/
WARNING 2023-10-27 11:54:58,062 basehttp 212 "GET /mobiles/18687529472/count/ HTTP/1.1" 404 2514
INFO 2023-10-27 11:55:10,609 autoreload 266 C:\Users\guota\OneDrive\桌面\duoduo_project\duoduoshop\Myapps\users\views.py changed, reloading.
INFO 2023-10-27 11:55:13,227 autoreload 668 Watching for file changes with StatReloader
INFO 2023-10-27 11:55:15,446 basehttp 212 "GET /usernames/guotan_01/count/ HTTP/1.1" 200 50
WARNING 2023-10-27 11:55:15,475 log 241 Not Found: /mobiles/18687529472/count/
WARNING 2023-10-27 11:55:15,477 basehttp 212 "GET /mobiles/18687529472/count/ HTTP/1.1" 404 2514
ERROR 2023-10-27 11:55:16,039 log 241 Internal Server Error: /register/
Traceback (most recent call last):
  File "C:\Users\guota\Envs\duoduoshop\lib\site-packages\django\db\backends\utils.py", line 89, in _execute
    return self.cursor.execute(sql, params)
  File "C:\Users\guota\Envs\duoduoshop\lib\site-packages\django\db\backends\mysql\base.py", line 75, in execute
    return self.cursor.execute(query, args)
  File "C:\Users\guota\Envs\duoduoshop\lib\site-packages\MySQLdb\cursors.py", line 179, in execute
    res = self._query(mogrified_query)
  File "C:\Users\guota\Envs\duoduoshop\lib\site-packages\MySQLdb\cursors.py", line 330, in _query
    db.query(q)
  File "C:\Users\guota\Envs\duoduoshop\lib\site-packages\MySQLdb\connections.py", line 255, in query
    _mysql.connection.query(self, query)
MySQLdb.IntegrityError: (1062, "Duplicate entry 'guotan_01' for key 'tb_users.username'")

The above exception was the direct cause of the following exception:

Traceback (most recent call last):
  File "C:\Users\guota\Envs\duoduoshop\lib\site-packages\django\core\handlers\exception.py", line 55, in inner
    response = get_response(request)
  File "C:\Users\guota\Envs\duoduoshop\lib\site-packages\django\core\handlers\base.py", line 197, in _get_response
    response = wrapped_callback(request, *callback_args, **callback_kwargs)
  File "C:\Users\guota\Envs\duoduoshop\lib\site-packages\django\views\generic\base.py", line 104, in view
    return self.dispatch(request, *args, **kwargs)
  File "C:\Users\guota\Envs\duoduoshop\lib\site-packages\django\views\generic\base.py", line 143, in dispatch
    return handler(request, *args, **kwargs)
  File "C:\Users\guota\OneDrive\桌面\duoduo_project\duoduoshop\Myapps\users\views.py", line 104, in post
    user = User.objects.create_user(username=username, password=password1, mobile=mobile)
  File "C:\Users\guota\Envs\duoduoshop\lib\site-packages\django\contrib\auth\models.py", line 161, in create_user
    return self._create_user(username, email, password, **extra_fields)
  File "C:\Users\guota\Envs\duoduoshop\lib\site-packages\django\contrib\auth\models.py", line 155, in _create_user
    user.save(using=self._db)
  File "C:\Users\guota\Envs\duoduoshop\lib\site-packages\django\contrib\auth\base_user.py", line 76, in save
    super().save(*args, **kwargs)
  File "C:\Users\guota\Envs\duoduoshop\lib\site-packages\django\db\models\base.py", line 814, in save
    self.save_base(
  File "C:\Users\guota\Envs\duoduoshop\lib\site-packages\django\db\models\base.py", line 877, in save_base
    updated = self._save_table(
  File "C:\Users\guota\Envs\duoduoshop\lib\site-packages\django\db\models\base.py", line 1020, in _save_table
    results = self._do_insert(
  File "C:\Users\guota\Envs\duoduoshop\lib\site-packages\django\db\models\base.py", line 1061, in _do_insert
    return manager._insert(
  File "C:\Users\guota\Envs\duoduoshop\lib\site-packages\django\db\models\manager.py", line 87, in manager_method
    return getattr(self.get_queryset(), name)(*args, **kwargs)
  File "C:\Users\guota\Envs\duoduoshop\lib\site-packages\django\db\models\query.py", line 1805, in _insert
    return query.get_compiler(using=using).execute_sql(returning_fields)
  File "C:\Users\guota\Envs\duoduoshop\lib\site-packages\django\db\models\sql\compiler.py", line 1822, in execute_sql
    cursor.execute(sql, params)
  File "C:\Users\guota\Envs\duoduoshop\lib\site-packages\django\db\backends\utils.py", line 102, in execute
    return super().execute(sql, params)
  File "C:\Users\guota\Envs\duoduoshop\lib\site-packages\django\db\backends\utils.py", line 67, in execute
    return self._execute_with_wrappers(
  File "C:\Users\guota\Envs\duoduoshop\lib\site-packages\django\db\backends\utils.py", line 80, in _execute_with_wrappers
    return executor(sql, params, many, context)
  File "C:\Users\guota\Envs\duoduoshop\lib\site-packages\django\db\backends\utils.py", line 89, in _execute
    return self.cursor.execute(sql, params)
  File "C:\Users\guota\Envs\duoduoshop\lib\site-packages\django\db\utils.py", line 91, in __exit__
    raise dj_exc_value.with_traceback(traceback) from exc_value
  File "C:\Users\guota\Envs\duoduoshop\lib\site-packages\django\db\backends\utils.py", line 89, in _execute
    return self.cursor.execute(sql, params)
  File "C:\Users\guota\Envs\duoduoshop\lib\site-packages\django\db\backends\mysql\base.py", line 75, in execute
    return self.cursor.execute(query, args)
  File "C:\Users\guota\Envs\duoduoshop\lib\site-packages\MySQLdb\cursors.py", line 179, in execute
    res = self._query(mogrified_query)
  File "C:\Users\guota\Envs\duoduoshop\lib\site-packages\MySQLdb\cursors.py", line 330, in _query
    db.query(q)
  File "C:\Users\guota\Envs\duoduoshop\lib\site-packages\MySQLdb\connections.py", line 255, in query
    _mysql.connection.query(self, query)
django.db.utils.IntegrityError: (1062, "Duplicate entry 'guotan_01' for key 'tb_users.username'")
ERROR 2023-10-27 11:55:16,049 basehttp 212 "POST /register/ HTTP/1.1" 500 203905
INFO 2023-10-27 11:55:56,335 basehttp 212 "GET /usernames/guotan_01/count/ HTTP/1.1" 200 50
WARNING 2023-10-27 11:55:56,354 log 241 Not Found: /mobiles/18687529472/count/
WARNING 2023-10-27 11:55:56,355 basehttp 212 "GET /mobiles/18687529472/count/ HTTP/1.1" 404 2514
INFO 2023-10-27 11:55:56,673 basehttp 212 "POST /register/ HTTP/1.1" 200 38
WARNING 2023-10-27 11:55:57,351 log 241 Not Found: /carts/simple/
WARNING 2023-10-27 11:55:57,352 basehttp 212 "GET /carts/simple/ HTTP/1.1" 404 2475
WARNING 2023-10-27 11:56:25,798 log 241 Not Found: /image_codes/08f5226c-bd63-4b9d-80e1-196a47d0ac83/
WARNING 2023-10-27 11:56:25,799 basehttp 212 "GET /image_codes/08f5226c-bd63-4b9d-80e1-196a47d0ac83/ HTTP/1.1" 404 2583
INFO 2023-10-27 11:56:36,610 basehttp 212 "GET /usernames/guotan_02/count/ HTTP/1.1" 200 50
WARNING 2023-10-27 11:56:44,808 log 241 Not Found: /mobiles/13371417024/count/
WARNING 2023-10-27 11:56:44,809 basehttp 212 "GET /mobiles/13371417024/count/ HTTP/1.1" 404 2514
INFO 2023-10-27 11:56:52,617 basehttp 212 "GET /usernames/guotan_02/count/ HTTP/1.1" 200 50
WARNING 2023-10-27 11:56:52,635 log 241 Not Found: /mobiles/13371417024/count/
WARNING 2023-10-27 11:56:52,635 basehttp 212 "GET /mobiles/13371417024/count/ HTTP/1.1" 404 2514
INFO 2023-10-27 11:56:52,968 basehttp 212 "POST /register/ HTTP/1.1" 200 38
WARNING 2023-10-27 11:56:53,629 log 241 Not Found: /carts/simple/
WARNING 2023-10-27 11:56:53,630 basehttp 212 "GET /carts/simple/ HTTP/1.1" 404 2475
INFO 2023-10-27 12:03:27,028 autoreload 266 C:\Users\guota\OneDrive\桌面\duoduo_project\duoduoshop\Myapps\users\views.py changed, reloading.
INFO 2023-10-27 12:03:29,673 autoreload 668 Watching for file changes with StatReloader
INFO 2023-10-27 12:05:44,596 autoreload 266 C:\Users\guota\OneDrive\桌面\duoduo_project\duoduoshop\Myapps\users\views.py changed, reloading.
INFO 2023-10-27 12:05:47,305 autoreload 668 Watching for file changes with StatReloader
WARNING 2023-10-27 12:11:32,903 log 241 Not Found: /image_codes/87204878-15f6-47b2-b403-4c7efc3a6e05/
WARNING 2023-10-27 12:11:32,905 basehttp 212 "GET /image_codes/87204878-15f6-47b2-b403-4c7efc3a6e05/ HTTP/1.1" 404 2583
INFO 2023-10-27 12:11:35,034 basehttp 212 "GET /usernames/guotan_03/count/ HTTP/1.1" 200 50
INFO 2023-10-27 12:11:35,945 basehttp 212 "GET /usernames/guotan_03/count/ HTTP/1.1" 200 50
INFO 2023-10-27 12:11:43,752 basehttp 212 "GET /usernames/guotan_03/count/ HTTP/1.1" 200 50
WARNING 2023-10-27 12:11:57,685 log 241 Not Found: /mobiles/13311111111/count/
WARNING 2023-10-27 12:11:57,686 basehttp 212 "GET /mobiles/13311111111/count/ HTTP/1.1" 404 2514
INFO 2023-10-27 12:11:57,769 basehttp 212 "GET /usernames/guotan_03/count/ HTTP/1.1" 200 50
WARNING 2023-10-27 12:11:57,788 log 241 Not Found: /mobiles/13311111111/count/
WARNING 2023-10-27 12:11:57,789 basehttp 212 "GET /mobiles/13311111111/count/ HTTP/1.1" 404 2514
INFO 2023-10-27 12:11:58,137 basehttp 212 "POST /register/ HTTP/1.1" 200 38
WARNING 2023-10-27 12:11:58,693 log 241 Not Found: /carts/simple/
WARNING 2023-10-27 12:11:58,694 basehttp 212 "GET /carts/simple/ HTTP/1.1" 404 2475
INFO 2023-10-27 14:07:40,128 autoreload 668 Watching for file changes with StatReloader
INFO 2023-10-27 14:11:38,731 autoreload 266 C:\Users\guota\OneDrive\桌面\duoduo_project\duoduoshop\Myapps\users\views.py changed, reloading.
INFO 2023-10-27 14:11:39,915 autoreload 668 Watching for file changes with StatReloader
INFO 2023-10-27 14:14:10,144 autoreload 266 C:\Users\guota\OneDrive\桌面\duoduo_project\duoduoshop\Myapps\users\views.py changed, reloading.
INFO 2023-10-27 14:14:11,323 autoreload 668 Watching for file changes with StatReloader
INFO 2023-10-27 14:15:30,282 autoreload 266 C:\Users\guota\OneDrive\桌面\duoduo_project\duoduoshop\Myapps\users\views.py changed, reloading.
INFO 2023-10-27 14:15:31,495 autoreload 668 Watching for file changes with StatReloader
INFO 2023-10-27 14:17:19,380 autoreload 266 C:\Users\guota\OneDrive\桌面\duoduo_project\duoduoshop\duoduoshop\urls.py changed, reloading.
INFO 2023-10-27 14:17:20,621 autoreload 668 Watching for file changes with StatReloader
INFO 2023-10-27 14:18:31,308 autoreload 266 C:\Users\guota\OneDrive\桌面\duoduo_project\duoduoshop\Myapps\verification\urls.py changed, reloading.
INFO 2023-10-27 14:18:32,452 autoreload 668 Watching for file changes with StatReloader
INFO 2023-10-27 14:20:33,001 autoreload 266 C:\Users\guota\OneDrive\桌面\duoduo_project\duoduoshop\Myapps\verification\urls.py changed, reloading.
INFO 2023-10-27 14:20:34,241 autoreload 668 Watching for file changes with StatReloader
INFO 2023-10-27 14:21:08,495 autoreload 266 C:\Users\guota\OneDrive\桌面\duoduo_project\duoduoshop\Myapps\verification\urls.py changed, reloading.
INFO 2023-10-27 14:21:09,689 autoreload 668 Watching for file changes with StatReloader
INFO 2023-10-27 14:22:16,751 autoreload 266 C:\Users\guota\OneDrive\桌面\duoduo_project\duoduoshop\Myapps\verification\views.py changed, reloading.
INFO 2023-10-27 14:22:17,894 autoreload 668 Watching for file changes with StatReloader
INFO 2023-10-27 14:23:03,570 autoreload 266 C:\Users\guota\OneDrive\桌面\duoduo_project\duoduoshop\Myapps\verification\views.py changed, reloading.
INFO 2023-10-27 14:23:04,799 autoreload 668 Watching for file changes with StatReloader
INFO 2023-10-27 14:25:10,557 autoreload 266 C:\Users\guota\OneDrive\桌面\duoduo_project\duoduoshop\Myapps\verification\views.py changed, reloading.
INFO 2023-10-27 14:25:11,690 autoreload 668 Watching for file changes with StatReloader
INFO 2023-10-27 14:26:39,042 autoreload 266 C:\Users\guota\OneDrive\桌面\duoduo_project\duoduoshop\Myapps\verification\views.py changed, reloading.
INFO 2023-10-27 14:26:40,224 autoreload 668 Watching for file changes with StatReloader
INFO 2023-10-27 14:27:56,223 autoreload 266 C:\Users\guota\OneDrive\桌面\duoduo_project\duoduoshop\Myapps\verification\views.py changed, reloading.
INFO 2023-10-27 14:27:57,484 autoreload 668 Watching for file changes with StatReloader
INFO 2023-10-27 14:28:27,501 autoreload 266 C:\Users\guota\OneDrive\桌面\duoduo_project\duoduoshop\Myapps\verification\views.py changed, reloading.
INFO 2023-10-27 14:28:28,837 autoreload 668 Watching for file changes with StatReloader
INFO 2023-10-27 14:30:24,095 autoreload 266 C:\Users\guota\OneDrive\桌面\duoduo_project\duoduoshop\Myapps\verification\views.py changed, reloading.
INFO 2023-10-27 14:30:25,345 autoreload 668 Watching for file changes with StatReloader
INFO 2023-10-27 14:30:28,803 autoreload 266 C:\Users\guota\OneDrive\桌面\duoduo_project\duoduoshop\Myapps\verification\views.py changed, reloading.
INFO 2023-10-27 14:30:30,090 autoreload 668 Watching for file changes with StatReloader
INFO 2023-10-27 14:30:51,667 autoreload 266 C:\Users\guota\OneDrive\桌面\duoduo_project\duoduoshop\Myapps\verification\views.py changed, reloading.
INFO 2023-10-27 14:30:52,986 autoreload 668 Watching for file changes with StatReloader
INFO 2023-10-27 14:32:10,088 autoreload 266 C:\Users\guota\OneDrive\桌面\duoduo_project\duoduoshop\Myapps\verification\views.py changed, reloading.
INFO 2023-10-27 14:32:11,412 autoreload 668 Watching for file changes with StatReloader
INFO 2023-10-27 14:32:53,248 autoreload 266 C:\Users\guota\OneDrive\桌面\duoduo_project\duoduoshop\Myapps\verification\views.py changed, reloading.
INFO 2023-10-27 14:32:54,533 autoreload 668 Watching for file changes with StatReloader
INFO 2023-10-27 14:33:28,587 autoreload 266 C:\Users\guota\OneDrive\桌面\duoduo_project\duoduoshop\Myapps\verification\views.py changed, reloading.
INFO 2023-10-27 14:33:29,823 autoreload 668 Watching for file changes with StatReloader
INFO 2023-10-27 14:38:22,361 autoreload 266 C:\Users\guota\OneDrive\桌面\duoduo_project\duoduoshop\Myapps\verification\urls.py changed, reloading.
INFO 2023-10-27 14:38:23,544 autoreload 668 Watching for file changes with StatReloader
INFO 2023-10-27 14:38:59,499 autoreload 266 C:\Users\guota\OneDrive\桌面\duoduo_project\duoduoshop\Myapps\verification\views.py changed, reloading.
INFO 2023-10-27 14:39:00,671 autoreload 668 Watching for file changes with StatReloader
INFO 2023-10-27 14:42:21,576 autoreload 266 C:\Users\guota\OneDrive\桌面\duoduo_project\duoduoshop\Myapps\verification\views.py changed, reloading.
INFO 2023-10-27 14:42:22,716 autoreload 668 Watching for file changes with StatReloader
WARNING 2023-10-27 14:42:46,151 log 241 Not Found: /imagecodes/111
WARNING 2023-10-27 14:42:46,151 basehttp 212 "GET /imagecodes/111 HTTP/1.1" 404 2641
WARNING 2023-10-27 14:42:46,276 log 241 Not Found: /favicon.ico
WARNING 2023-10-27 14:42:46,277 basehttp 212 "GET /favicon.ico HTTP/1.1" 404 2632
WARNING 2023-10-27 14:43:00,932 log 241 Not Found: /imagecodes/111/
WARNING 2023-10-27 14:43:00,933 basehttp 212 "GET /imagecodes/111/ HTTP/1.1" 404 2644
INFO 2023-10-27 14:43:48,563 autoreload 266 C:\Users\guota\OneDrive\桌面\duoduo_project\duoduoshop\Myapps\verification\urls.py changed, reloading.
INFO 2023-10-27 14:43:49,796 autoreload 668 Watching for file changes with StatReloader
INFO 2023-10-27 14:44:19,717 autoreload 266 C:\Users\guota\OneDrive\桌面\duoduo_project\duoduoshop\duoduoshop\urls.py changed, reloading.
INFO 2023-10-27 14:44:20,892 autoreload 668 Watching for file changes with StatReloader
INFO 2023-10-27 14:46:59,601 autoreload 266 C:\Users\guota\OneDrive\桌面\duoduo_project\duoduoshop\Myapps\verification\views.py changed, reloading.
INFO 2023-10-27 14:47:00,779 autoreload 668 Watching for file changes with StatReloader
INFO 2023-10-27 14:47:31,514 autoreload 266 C:\Users\guota\OneDrive\桌面\duoduo_project\duoduoshop\Myapps\verification\views.py changed, reloading.
INFO 2023-10-27 14:47:32,667 autoreload 668 Watching for file changes with StatReloader
INFO 2023-10-27 14:47:57,812 autoreload 668 Watching for file changes with StatReloader
INFO 2023-10-27 14:49:04,151 autoreload 266 C:\Users\guota\OneDrive\桌面\duoduo_project\duoduoshop\Myapps\verification\views.py changed, reloading.
INFO 2023-10-27 14:49:06,253 autoreload 668 Watching for file changes with StatReloader
INFO 2023-10-27 14:49:17,036 autoreload 668 Watching for file changes with StatReloader
INFO 2023-10-27 14:50:53,735 autoreload 668 Watching for file changes with StatReloader
INFO 2023-10-27 14:51:27,540 autoreload 668 Watching for file changes with StatReloader
INFO 2023-10-27 14:51:36,246 autoreload 668 Watching for file changes with StatReloader
INFO 2023-10-27 14:51:43,822 autoreload 668 Watching for file changes with StatReloader
INFO 2023-10-27 14:52:54,959 autoreload 668 Watching for file changes with StatReloader
INFO 2023-10-27 14:54:22,144 autoreload 668 Watching for file changes with StatReloader
INFO 2023-10-27 15:00:40,182 autoreload 668 Watching for file changes with StatReloader
INFO 2023-10-27 15:02:43,763 autoreload 668 Watching for file changes with StatReloader
INFO 2023-10-27 15:07:11,845 autoreload 668 Watching for file changes with StatReloader
INFO 2023-10-27 15:07:31,433 autoreload 668 Watching for file changes with StatReloader
ERROR 2023-10-27 15:07:39,073 log 241 Internal Server Error: /imagecodes/123/
Traceback (most recent call last):
  File "C:\Users\guota\Envs\duoduoshop\lib\site-packages\django\core\handlers\exception.py", line 55, in inner
    response = get_response(request)
  File "C:\Users\guota\Envs\duoduoshop\lib\site-packages\django\core\handlers\base.py", line 197, in _get_response
    response = wrapped_callback(request, *callback_args, **callback_kwargs)
  File "C:\Users\guota\Envs\duoduoshop\lib\site-packages\django\views\generic\base.py", line 104, in view
    return self.dispatch(request, *args, **kwargs)
  File "C:\Users\guota\Envs\duoduoshop\lib\site-packages\django\views\generic\base.py", line 143, in dispatch
    return handler(request, *args, **kwargs)
  File "C:\Users\guota\OneDrive\桌面\duoduo_project\duoduoshop\Myapps\verification\views.py", line 25, in get
    text, image = captcha.generate_captcha()
  File "C:\Users\guota\OneDrive\桌面\duoduo_project\duoduoshop\Libs\captcha\captcha\captcha.py", line 215, in generate_captcha
    return self.captcha("")
  File "C:\Users\guota\OneDrive\桌面\duoduo_project\duoduoshop\Libs\captcha\captcha\captcha.py", line 204, in captcha
    image = self.text(image, self.fonts, drawings=['warp', 'rotate', 'offset'])
  File "C:\Users\guota\OneDrive\桌面\duoduo_project\duoduoshop\Libs\captcha\captcha\captcha.py", line 132, in text
    c_width, c_height = draw.textsize(c, font=font)
AttributeError: 'ImageDraw' object has no attribute 'textsize'
ERROR 2023-10-27 15:07:39,075 basehttp 212 "GET /imagecodes/123/ HTTP/1.1" 500 94854
INFO 2023-10-27 15:09:13,768 autoreload 266 C:\Users\guota\Envs\duoduoshop\Lib\site-packages\PIL\_binary.py changed, reloading.
INFO 2023-10-27 15:09:15,917 autoreload 668 Watching for file changes with StatReloader
INFO 2023-10-27 15:09:35,286 autoreload 668 Watching for file changes with StatReloader
INFO 2023-10-27 15:09:45,231 basehttp 212 "GET /imagecodes/123/ HTTP/1.1" 200 3198
INFO 2023-10-27 15:12:13,896 autoreload 668 Watching for file changes with StatReloader
INFO 2023-10-27 15:12:14,834 basehttp 212 "GET /imagecodes/123/ HTTP/1.1" 200 3364
INFO 2023-10-27 15:12:17,350 basehttp 212 "GET /imagecodes/123/ HTTP/1.1" 200 3081
INFO 2023-10-27 15:12:18,316 basehttp 212 "GET /imagecodes/123/ HTTP/1.1" 200 3723
INFO 2023-10-27 15:12:18,946 basehttp 212 "GET /imagecodes/123/ HTTP/1.1" 200 3406
INFO 2023-10-27 15:12:21,870 basehttp 212 "GET /imagecodes/123/ HTTP/1.1" 200 3205
INFO 2023-10-27 15:14:39,679 autoreload 668 Watching for file changes with StatReloader
INFO 2023-10-27 15:14:41,857 basehttp 212 "GET /imagecodes/123/ HTTP/1.1" 200 3269
INFO 2023-10-27 15:14:42,475 basehttp 212 "GET /imagecodes/123/ HTTP/1.1" 200 3046
INFO 2023-10-27 15:14:42,777 basehttp 212 "GET /imagecodes/123/ HTTP/1.1" 200 3310
INFO 2023-10-27 15:14:42,944 basehttp 212 "GET /imagecodes/123/ HTTP/1.1" 200 3629
INFO 2023-10-27 15:39:08,367 basehttp 212 "GET /imagecodes/123/ HTTP/1.1" 200 3230
INFO 2023-10-27 15:39:09,404 basehttp 212 "GET /imagecodes/123/ HTTP/1.1" 200 3127
INFO 2023-10-27 16:11:30,212 basehttp 212 "GET /imagecodes/123/ HTTP/1.1" 200 3296
INFO 2023-10-27 16:11:36,396 basehttp 212 "GET /imagecodes/123/ HTTP/1.1" 200 2946
INFO 2023-10-27 16:11:43,341 autoreload 668 Watching for file changes with StatReloader
INFO 2023-10-27 16:11:58,821 basehttp 212 "GET /imagecodes/123/ HTTP/1.1" 200 2994
INFO 2023-10-27 16:12:28,714 autoreload 266 C:\Users\guota\OneDrive\桌面\duoduo_project\duoduoshop\Myapps\verification\views.py changed, reloading.
INFO 2023-10-27 16:12:30,758 autoreload 668 Watching for file changes with StatReloader
INFO 2023-10-27 16:13:45,883 autoreload 266 C:\Users\guota\OneDrive\桌面\duoduo_project\duoduoshop\Myapps\verification\views.py changed, reloading.
INFO 2023-10-27 16:13:47,995 autoreload 668 Watching for file changes with StatReloader
INFO 2023-10-27 16:15:39,818 autoreload 668 Watching for file changes with StatReloader
WARNING 2023-10-27 16:15:49,268 log 241 Not Found: /favicon.ico
WARNING 2023-10-27 16:15:49,269 basehttp 212 "GET /favicon.ico HTTP/1.1" 404 2640
INFO 2023-10-27 16:16:05,264 autoreload 668 Watching for file changes with StatReloader
INFO 2023-10-27 16:16:28,032 autoreload 668 Watching for file changes with StatReloader
INFO 2023-10-27 16:17:01,143 autoreload 668 Watching for file changes with StatReloader
INFO 2023-10-27 16:17:05,510 basehttp 212 "GET /imagecodes/123/ HTTP/1.1" 200 3063
INFO 2023-10-27 16:17:15,011 basehttp 212 "GET /imagecodes/111/ HTTP/1.1" 200 3129
WARNING 2023-10-27 16:18:22,835 log 241 Not Found: /image_codes/9fda29a2-35dd-4a9f-b067-8c88485d530d/
WARNING 2023-10-27 16:18:22,836 basehttp 212 "GET /image_codes/9fda29a2-35dd-4a9f-b067-8c88485d530d/ HTTP/1.1" 404 2754
WARNING 2023-10-27 16:18:23,931 log 241 Not Found: /image_codes/e850ef5c-3a5b-496c-9564-b09751d76018/
WARNING 2023-10-27 16:18:23,931 basehttp 212 "GET /image_codes/e850ef5c-3a5b-496c-9564-b09751d76018/ HTTP/1.1" 404 2754
INFO 2023-10-27 16:20:03,658 autoreload 668 Watching for file changes with StatReloader
WARNING 2023-10-27 16:20:04,150 log 241 Not Found: /image_codes/dce6aa23-dbd3-4fd9-a1cc-750ea46b81b7/
WARNING 2023-10-27 16:20:04,151 basehttp 212 "GET /image_codes/dce6aa23-dbd3-4fd9-a1cc-750ea46b81b7/ HTTP/1.1" 404 2754
WARNING 2023-10-27 16:20:05,106 log 241 Not Found: /image_codes/39bb1598-a4ec-4d4b-bf27-63236bfc516b/
WARNING 2023-10-27 16:20:05,107 basehttp 212 "GET /image_codes/39bb1598-a4ec-4d4b-bf27-63236bfc516b/ HTTP/1.1" 404 2754
WARNING 2023-10-27 16:20:05,975 log 241 Not Found: /image_codes/c2b864e4-125b-4ddf-80f8-a4710fbdd2ae/
WARNING 2023-10-27 16:20:05,976 basehttp 212 "GET /image_codes/c2b864e4-125b-4ddf-80f8-a4710fbdd2ae/ HTTP/1.1" 404 2754
INFO 2023-10-27 16:21:27,270 autoreload 668 Watching for file changes with StatReloader
INFO 2023-10-27 16:21:28,470 basehttp 212 "GET /image_codes/d681525a-5e5f-4a9a-be82-ef3d33711c2c/ HTTP/1.1" 200 3358
INFO 2023-10-27 16:21:37,886 basehttp 212 "GET /image_codes/560e52a9-a618-46d4-88c0-797da7a473dd/ HTTP/1.1" 200 3168
INFO 2023-10-27 16:46:45,507 autoreload 266 C:\Users\guota\OneDrive\桌面\duoduo_project\duoduoshop\Myapps\verification\views.py changed, reloading.
INFO 2023-10-27 16:46:47,090 autoreload 668 Watching for file changes with StatReloader
INFO 2023-10-27 17:11:18,053 autoreload 668 Watching for file changes with StatReloader
INFO 2023-10-27 17:17:25,511 autoreload 668 Watching for file changes with StatReloader
INFO 2023-10-27 17:18:02,193 basehttp 212 "GET /usernames/guotan_04/count/ HTTP/1.1" 200 50
INFO 2023-10-27 17:18:04,135 basehttp 212 "GET /usernames/guotan_04/count/ HTTP/1.1" 200 50
INFO 2023-10-27 17:18:13,587 autoreload 668 Watching for file changes with StatReloader
INFO 2023-10-27 17:19:38,755 basehttp 212 "GET /usernames/guotan_04/count/ HTTP/1.1" 200 50
INFO 2023-10-27 17:19:40,100 basehttp 212 "GET /usernames/guotan_04/count/ HTTP/1.1" 200 50
ERROR 2023-10-27 17:21:25,345 log 241 Internal Server Error: /sms_codes/18687529472/
Traceback (most recent call last):
  File "C:\Users\guota\Envs\duoduoshop\lib\site-packages\django\core\handlers\exception.py", line 55, in inner
    response = get_response(request)
  File "C:\Users\guota\Envs\duoduoshop\lib\site-packages\django\core\handlers\base.py", line 197, in _get_response
    response = wrapped_callback(request, *callback_args, **callback_kwargs)
  File "C:\Users\guota\Envs\duoduoshop\lib\site-packages\django\views\generic\base.py", line 104, in view
    return self.dispatch(request, *args, **kwargs)
  File "C:\Users\guota\Envs\duoduoshop\lib\site-packages\django\views\generic\base.py", line 143, in dispatch
    return handler(request, *args, **kwargs)
  File "C:\Users\guota\OneDrive\桌面\duoduo_project\duoduoshop\Myapps\verification\views.py", line 50, in get
    image_code = request.GET('image_code')
TypeError: 'QueryDict' object is not callable
ERROR 2023-10-27 17:21:25,350 basehttp 212 "GET /sms_codes/18687529472/ HTTP/1.1" 500 80306
ERROR 2023-10-27 17:26:13,296 log 241 Internal Server Error: /sms_codes/18687529472/
Traceback (most recent call last):
  File "C:\Users\guota\Envs\duoduoshop\lib\site-packages\django\core\handlers\exception.py", line 55, in inner
    response = get_response(request)
  File "C:\Users\guota\Envs\duoduoshop\lib\site-packages\django\core\handlers\base.py", line 197, in _get_response
    response = wrapped_callback(request, *callback_args, **callback_kwargs)
  File "C:\Users\guota\Envs\duoduoshop\lib\site-packages\django\views\generic\base.py", line 104, in view
    return self.dispatch(request, *args, **kwargs)
  File "C:\Users\guota\Envs\duoduoshop\lib\site-packages\django\views\generic\base.py", line 143, in dispatch
    return handler(request, *args, **kwargs)
  File "C:\Users\guota\OneDrive\桌面\duoduo_project\duoduoshop\Myapps\verification\views.py", line 50, in get
    image_code = request.post
TypeError: 'QueryDict' object is not callable
ERROR 2023-10-27 17:26:13,299 basehttp 212 "GET /sms_codes/18687529472/ HTTP/1.1" 500 80397
INFO 2023-10-27 17:26:13,632 autoreload 266 C:\Users\guota\OneDrive\桌面\duoduo_project\duoduoshop\Myapps\verification\views.py changed, reloading.
INFO 2023-10-27 17:26:16,434 autoreload 668 Watching for file changes with StatReloader
ERROR 2023-10-27 17:26:23,933 log 241 Internal Server Error: /sms_codes/18687529472/
Traceback (most recent call last):
  File "C:\Users\guota\Envs\duoduoshop\lib\site-packages\django\core\handlers\exception.py", line 55, in inner
    response = get_response(request)
  File "C:\Users\guota\Envs\duoduoshop\lib\site-packages\django\core\handlers\base.py", line 197, in _get_response
    response = wrapped_callback(request, *callback_args, **callback_kwargs)
  File "C:\Users\guota\Envs\duoduoshop\lib\site-packages\django\views\generic\base.py", line 104, in view
    return self.dispatch(request, *args, **kwargs)
  File "C:\Users\guota\Envs\duoduoshop\lib\site-packages\django\views\generic\base.py", line 143, in dispatch
    return handler(request, *args, **kwargs)
  File "C:\Users\guota\OneDrive\桌面\duoduo_project\duoduoshop\Myapps\verification\views.py", line 50, in get
    image_code = request.post
AttributeError: 'WSGIRequest' object has no attribute 'post'
ERROR 2023-10-27 17:26:23,937 basehttp 212 "GET /sms_codes/18687529472/ HTTP/1.1" 500 80507
INFO 2023-10-27 17:26:41,533 autoreload 668 Watching for file changes with StatReloader
INFO 2023-10-27 17:28:40,211 autoreload 668 Watching for file changes with StatReloader
ERROR 2023-10-27 17:28:41,655 log 241 Internal Server Error: /sms_codes/18687529472/
Traceback (most recent call last):
  File "C:\Users\guota\Envs\duoduoshop\lib\site-packages\django\core\handlers\exception.py", line 55, in inner
    response = get_response(request)
  File "C:\Users\guota\Envs\duoduoshop\lib\site-packages\django\core\handlers\base.py", line 197, in _get_response
    response = wrapped_callback(request, *callback_args, **callback_kwargs)
  File "C:\Users\guota\Envs\duoduoshop\lib\site-packages\django\views\generic\base.py", line 104, in view
    return self.dispatch(request, *args, **kwargs)
  File "C:\Users\guota\Envs\duoduoshop\lib\site-packages\django\views\generic\base.py", line 143, in dispatch
    return handler(request, *args, **kwargs)
  File "C:\Users\guota\OneDrive\桌面\duoduo_project\duoduoshop\Myapps\verification\views.py", line 50, in get
    image_code = request.GET('image_code')
TypeError: 'QueryDict' object is not callable
ERROR 2023-10-27 17:28:41,659 basehttp 212 "GET /sms_codes/18687529472/?image_code=111&image_code_id=111 HTTP/1.1" 500 81168
INFO 2023-10-27 17:29:20,008 autoreload 668 Watching for file changes with StatReloader
INFO 2023-10-27 17:38:37,269 autoreload 266 C:\Users\guota\OneDrive\桌面\duoduo_project\duoduoshop\Myapps\verification\views.py changed, reloading.
INFO 2023-10-27 17:38:39,906 autoreload 668 Watching for file changes with StatReloader
INFO 2023-10-27 17:49:58,358 autoreload 266 C:\Users\guota\OneDrive\桌面\duoduo_project\duoduoshop\Myapps\verification\views.py changed, reloading.
INFO 2023-10-27 17:50:00,939 autoreload 668 Watching for file changes with StatReloader
INFO 2023-10-27 17:55:46,620 autoreload 668 Watching for file changes with StatReloader
INFO 2023-10-27 17:56:10,776 autoreload 668 Watching for file changes with StatReloader
INFO 2023-10-27 17:56:18,637 autoreload 668 Watching for file changes with StatReloader
INFO 2023-10-27 17:56:26,137 basehttp 212 "GET /sms_codes/18687529472/?image_code=111&image_code_id=111 HTTP/1.1" 200 75
INFO 2023-10-27 17:56:34,211 basehttp 212 "GET /usernames/guotan_04/count/ HTTP/1.1" 200 50
INFO 2023-10-27 17:56:36,703 basehttp 212 "GET /usernames/guotan_04/count/ HTTP/1.1" 200 50
WARNING 2023-10-27 17:56:41,144 log 241 Not Found: /mobiles/13311111114/count/
WARNING 2023-10-27 17:56:41,145 basehttp 212 "GET /mobiles/13311111114/count/ HTTP/1.1" 404 2865
INFO 2023-10-27 17:56:41,643 basehttp 212 "GET /usernames/guotan_04/count/ HTTP/1.1" 200 50
INFO 2023-10-27 17:56:41,646 basehttp 212 "OPTIONS /register/ HTTP/1.1" 200 0
WARNING 2023-10-27 17:56:41,660 log 241 Not Found: /mobiles/13311111114/count/
WARNING 2023-10-27 17:56:41,660 basehttp 212 "GET /mobiles/13311111114/count/ HTTP/1.1" 404 2865
INFO 2023-10-27 17:56:42,013 basehttp 212 "POST /register/ HTTP/1.1" 200 38
WARNING 2023-10-27 17:56:42,828 log 241 Not Found: /carts/simple/
WARNING 2023-10-27 17:56:42,829 basehttp 212 "GET /carts/simple/ HTTP/1.1" 404 2826
INFO 2023-10-27 17:56:47,060 basehttp 212 "GET /image_codes/e8b921db-55cd-4f70-bf85-e2928c8d64a0/ HTTP/1.1" 200 3384
INFO 2023-10-27 17:56:57,441 basehttp 212 "GET /usernames/guotan_04/count/ HTTP/1.1" 200 50
INFO 2023-10-27 17:56:59,795 basehttp 212 "GET /usernames/guotan_05/count/ HTTP/1.1" 200 50
WARNING 2023-10-27 17:57:12,287 log 241 Not Found: /mobiles/13311111115/count/
WARNING 2023-10-27 17:57:12,287 basehttp 212 "GET /mobiles/13311111115/count/ HTTP/1.1" 404 2865
INFO 2023-10-27 17:57:14,178 basehttp 212 "GET /usernames/guotan_05/count/ HTTP/1.1" 200 50
WARNING 2023-10-27 17:57:14,188 log 241 Not Found: /mobiles/13311111115/count/
WARNING 2023-10-27 17:57:14,189 basehttp 212 "GET /mobiles/13311111115/count/ HTTP/1.1" 404 2865
INFO 2023-10-27 17:57:14,520 basehttp 212 "POST /register/ HTTP/1.1" 200 38
WARNING 2023-10-27 17:57:15,338 log 241 Not Found: /carts/simple/
WARNING 2023-10-27 17:57:15,339 basehttp 212 "GET /carts/simple/ HTTP/1.1" 404 2826
INFO 2023-10-27 17:57:34,209 autoreload 668 Watching for file changes with StatReloader
INFO 2023-10-27 17:57:52,808 basehttp 212 "GET /image_codes/6c5b8d71-340a-4a7d-ace7-eeb99a7c6421/ HTTP/1.1" 200 2901
INFO 2023-10-27 17:57:56,175 basehttp 212 "GET /image_codes/8470bc1f-1f4b-43b7-921a-a0a6b4cbef1d/ HTTP/1.1" 200 3109
INFO 2023-10-27 17:58:06,336 basehttp 212 "GET /usernames/guotan_05/count/ HTTP/1.1" 200 50
WARNING 2023-10-27 17:58:06,361 log 241 Not Found: /mobiles/13311111115/count/
WARNING 2023-10-27 17:58:06,362 basehttp 212 "GET /mobiles/13311111115/count/ HTTP/1.1" 404 2865
INFO 2023-10-27 17:58:08,072 basehttp 212 "GET /usernames/guotan_06/count/ HTTP/1.1" 200 50
WARNING 2023-10-27 17:58:19,933 log 241 Not Found: /mobiles/13311111116/count/
WARNING 2023-10-27 17:58:19,933 basehttp 212 "GET /mobiles/13311111116/count/ HTTP/1.1" 404 2865
INFO 2023-10-27 17:58:27,566 basehttp 212 "GET /usernames/guotan_06/count/ HTTP/1.1" 200 50
WARNING 2023-10-27 17:58:27,583 log 241 Not Found: /mobiles/13311111116/count/
WARNING 2023-10-27 17:58:27,584 basehttp 212 "GET /mobiles/13311111116/count/ HTTP/1.1" 404 2865
INFO 2023-10-27 17:58:27,905 basehttp 212 "POST /register/ HTTP/1.1" 200 38
WARNING 2023-10-27 17:58:28,695 log 241 Not Found: /carts/simple/
WARNING 2023-10-27 17:58:28,696 basehttp 212 "GET /carts/simple/ HTTP/1.1" 404 2826
INFO 2023-10-27 17:59:15,515 autoreload 266 C:\Users\guota\OneDrive\桌面\duoduo_project\duoduoshop\Myapps\verification\views.py changed, reloading.
INFO 2023-10-27 17:59:18,383 autoreload 668 Watching for file changes with StatReloader
INFO 2023-10-27 18:00:52,455 basehttp 212 "GET /image_codes/cff07815-8f75-4da6-b79e-d9addc99456a/ HTTP/1.1" 200 3036
INFO 2023-10-27 18:00:58,751 basehttp 212 "GET /usernames/guotan_06/count/ HTTP/1.1" 200 50
WARNING 2023-10-27 18:00:58,778 log 241 Not Found: /mobiles/13311111116/count/
WARNING 2023-10-27 18:00:58,779 basehttp 212 "GET /mobiles/13311111116/count/ HTTP/1.1" 404 2865
WARNING 2023-10-27 18:01:00,854 log 241 Not Found: /mobiles/13311111117/count/
WARNING 2023-10-27 18:01:00,854 basehttp 212 "GET /mobiles/13311111117/count/ HTTP/1.1" 404 2865
INFO 2023-10-27 18:01:05,544 basehttp 212 "GET /image_codes/ecc65934-3ed1-451d-b4b0-d8fb8fc914f3/ HTTP/1.1" 200 3126
WARNING 2023-10-27 18:01:16,204 log 241 Not Found: /mobiles/13311111117/count/
WARNING 2023-10-27 18:01:16,205 basehttp 212 "GET /mobiles/13311111117/count/ HTTP/1.1" 404 2865
INFO 2023-10-27 18:02:27,224 basehttp 212 "GET /sms_codes/13311111117/?image_code=FGzp&image_code_id=ecc65934-3ed1-451d-b4b0-d8fb8fc914f3 HTTP/1.1" 200 69
INFO 2023-10-27 18:02:36,239 basehttp 212 "GET /usernames/guotan_06/count/ HTTP/1.1" 200 50
WARNING 2023-10-27 18:02:36,258 log 241 Not Found: /mobiles/13311111117/count/
WARNING 2023-10-27 18:02:36,260 basehttp 212 "GET /mobiles/13311111117/count/ HTTP/1.1" 404 2865
INFO 2023-10-27 18:02:54,952 basehttp 212 "GET /usernames/guotan_06/count/ HTTP/1.1" 200 50
WARNING 2023-10-27 18:02:54,970 log 241 Not Found: /mobiles/13311111117/count/
WARNING 2023-10-27 18:02:54,973 basehttp 212 "GET /mobiles/13311111117/count/ HTTP/1.1" 404 2865
INFO 2023-10-27 18:03:15,701 basehttp 212 "GET /image_codes/378e9242-9d2b-43fe-b8f5-33be8f004f21/ HTTP/1.1" 200 3239
WARNING 2023-10-27 18:03:20,356 log 241 Not Found: /mobiles/13311111116/count/
WARNING 2023-10-27 18:03:20,359 basehttp 212 "GET /mobiles/13311111116/count/ HTTP/1.1" 404 2865
WARNING 2023-10-27 18:03:26,571 log 241 Not Found: /mobiles/13311111116/count/
WARNING 2023-10-27 18:03:26,572 basehttp 212 "GET /mobiles/13311111116/count/ HTTP/1.1" 404 2865
INFO 2023-10-27 18:05:48,643 basehttp 212 "GET /image_codes/e5406346-3071-4230-ad4a-1defb1ac971e/ HTTP/1.1" 200 3176
WARNING 2023-10-27 18:05:51,152 log 241 Not Found: /mobiles/13311111116/count/
WARNING 2023-10-27 18:05:51,153 basehttp 212 "GET /mobiles/13311111116/count/ HTTP/1.1" 404 2865
INFO 2023-10-27 18:05:52,184 basehttp 212 "GET /image_codes/ded3735d-6ee9-496a-9397-89cfeb68fb9b/ HTTP/1.1" 200 2990
INFO 2023-10-27 18:05:53,365 basehttp 212 "GET /image_codes/451400d5-b3f6-490e-96ee-b697b51909db/ HTTP/1.1" 200 3253
WARNING 2023-10-27 18:05:58,517 log 241 Not Found: /mobiles/13311111116/count/
WARNING 2023-10-27 18:05:58,518 basehttp 212 "GET /mobiles/13311111116/count/ HTTP/1.1" 404 2865
INFO 2023-10-27 18:07:17,652 autoreload 668 Watching for file changes with StatReloader
INFO 2023-10-27 18:07:24,109 basehttp 212 "GET /image_codes/cd3bc86a-2a40-4b5a-a835-dc8b4b7a84b9/ HTTP/1.1" 200 3063
INFO 2023-10-27 18:07:42,799 basehttp 212 "GET /image_codes/150ec401-3751-4782-b076-014da2eecd19/ HTTP/1.1" 200 3297
WARNING 2023-10-27 18:07:45,570 log 241 Not Found: /mobiles/18687529472/count/
WARNING 2023-10-27 18:07:45,572 basehttp 212 "GET /mobiles/18687529472/count/ HTTP/1.1" 404 2865
INFO 2023-10-27 18:07:46,526 basehttp 212 "GET /image_codes/6511d426-35d1-4dbf-967d-990386c68027/ HTTP/1.1" 200 2794
WARNING 2023-10-27 18:07:54,985 log 241 Not Found: /mobiles/18687529472/count/
WARNING 2023-10-27 18:07:54,986 basehttp 212 "GET /mobiles/18687529472/count/ HTTP/1.1" 404 2865
INFO 2023-10-27 18:10:17,222 autoreload 266 C:\Users\guota\OneDrive\桌面\duoduo_project\duoduoshop\Myapps\verification\views.py changed, reloading.
INFO 2023-10-27 18:10:19,932 autoreload 668 Watching for file changes with StatReloader
INFO 2023-10-27 18:14:52,609 autoreload 668 Watching for file changes with StatReloader
WARNING 2023-10-27 18:14:59,093 log 241 Not Found: /mobiles/18687529472/count/
WARNING 2023-10-27 18:14:59,094 basehttp 212 "GET /mobiles/18687529472/count/ HTTP/1.1" 404 2865
INFO 2023-10-27 18:15:00,358 basehttp 212 "GET /image_codes/5afbe95f-9df4-4d45-a100-86b7af846302/ HTTP/1.1" 200 2668
WARNING 2023-10-27 18:15:07,354 log 241 Not Found: /mobiles/18687529472/count/
WARNING 2023-10-27 18:15:07,355 basehttp 212 "GET /mobiles/18687529472/count/ HTTP/1.1" 404 2865
INFO 2023-10-27 18:15:39,349 basehttp 212 "GET /image_codes/bd3b0a0a-a9cd-4099-83c3-68435555b41e/ HTTP/1.1" 200 3342
WARNING 2023-10-27 18:15:43,770 log 241 Not Found: /mobiles/13311111117/count/
WARNING 2023-10-27 18:15:43,772 basehttp 212 "GET /mobiles/13311111117/count/ HTTP/1.1" 404 2865
WARNING 2023-10-27 18:15:49,960 log 241 Not Found: /mobiles/13311111117/count/
WARNING 2023-10-27 18:15:49,960 basehttp 212 "GET /mobiles/13311111117/count/ HTTP/1.1" 404 2865
INFO 2023-10-27 18:15:51,615 basehttp 81 - Broken pipe from ('127.0.0.1', 62941)
WARNING 2023-10-27 18:17:10,377 log 241 Not Found: /mobiles/13311111117/count/
WARNING 2023-10-27 18:17:10,378 basehttp 212 "GET /mobiles/13311111117/count/ HTTP/1.1" 404 2865
INFO 2023-10-27 21:45:20,246 autoreload 266 C:\Users\guota\OneDrive\桌面\duoduo_project\duoduoshop\Myapps\verification\views.py changed, reloading.
INFO 2023-10-27 21:45:23,190 autoreload 668 Watching for file changes with StatReloader
INFO 2023-10-27 21:48:49,845 autoreload 266 C:\Users\guota\OneDrive\桌面\duoduo_project\duoduoshop\Myapps\verification\views.py changed, reloading.
INFO 2023-10-27 21:48:52,703 autoreload 668 Watching for file changes with StatReloader
INFO 2023-10-27 23:03:13,298 autoreload 266 C:\Users\guota\OneDrive\桌面\duoduo_project\duoduoshop\Myapps\users\views.py changed, reloading.
INFO 2023-10-27 23:03:16,075 autoreload 668 Watching for file changes with StatReloader
INFO 2023-10-27 23:04:00,808 autoreload 266 C:\Users\guota\OneDrive\桌面\duoduo_project\duoduoshop\Myapps\users\views.py changed, reloading.
INFO 2023-10-27 23:04:03,461 autoreload 668 Watching for file changes with StatReloader
INFO 2023-10-27 23:05:00,630 autoreload 266 C:\Users\guota\OneDrive\桌面\duoduo_project\duoduoshop\Myapps\users\views.py changed, reloading.
INFO 2023-10-27 23:05:03,336 autoreload 668 Watching for file changes with StatReloader
INFO 2023-10-27 23:08:35,138 autoreload 266 C:\Users\guota\OneDrive\桌面\duoduo_project\duoduoshop\Myapps\users\views.py changed, reloading.
INFO 2023-10-27 23:08:37,809 autoreload 668 Watching for file changes with StatReloader
INFO 2023-10-27 23:14:32,138 autoreload 266 C:\Users\guota\OneDrive\桌面\duoduo_project\duoduoshop\Myapps\users\views.py changed, reloading.
INFO 2023-10-27 23:14:34,953 autoreload 668 Watching for file changes with StatReloader
INFO 2023-10-27 23:30:53,433 autoreload 266 C:\Users\guota\OneDrive\桌面\duoduo_project\duoduoshop\Myapps\users\views.py changed, reloading.
INFO 2023-10-27 23:30:56,512 autoreload 668 Watching for file changes with StatReloader
INFO 2023-10-27 23:35:24,933 autoreload 266 C:\Users\guota\OneDrive\桌面\duoduo_project\duoduoshop\Myapps\users\views.py changed, reloading.
INFO 2023-10-27 23:35:27,612 autoreload 668 Watching for file changes with StatReloader
INFO 2023-10-27 23:35:46,565 basehttp 212 "OPTIONS /login/ HTTP/1.1" 200 0
ERROR 2023-10-27 23:36:49,608 log 241 Internal Server Error: /login/
Traceback (most recent call last):
  File "C:\Users\guota\Envs\duoduoshop\lib\site-packages\django\core\handlers\exception.py", line 55, in inner
    response = get_response(request)
  File "C:\Users\guota\Envs\duoduoshop\lib\site-packages\django\core\handlers\base.py", line 204, in _get_response
    self.check_response(response, callback)
  File "C:\Users\guota\Envs\duoduoshop\lib\site-packages\django\core\handlers\base.py", line 332, in check_response
    raise ValueError(
ValueError: The view Myapps.users.views.view didn't return an HttpResponse object. It returned None instead.
ERROR 2023-10-27 23:36:49,616 basehttp 212 "POST /login/ HTTP/1.1" 500 72242
ERROR 2023-10-27 23:37:28,495 log 241 Internal Server Error: /login/
Traceback (most recent call last):
  File "C:\Users\guota\Envs\duoduoshop\lib\site-packages\django\core\handlers\exception.py", line 55, in inner
    response = get_response(request)
  File "C:\Users\guota\Envs\duoduoshop\lib\site-packages\django\core\handlers\base.py", line 204, in _get_response
    self.check_response(response, callback)
  File "C:\Users\guota\Envs\duoduoshop\lib\site-packages\django\core\handlers\base.py", line 332, in check_response
    raise ValueError(
ValueError: The view Myapps.users.views.view didn't return an HttpResponse object. It returned None instead.
ERROR 2023-10-27 23:37:28,497 basehttp 212 "POST /login/ HTTP/1.1" 500 71794
INFO 2023-10-27 23:38:17,111 autoreload 266 C:\Users\guota\OneDrive\桌面\duoduo_project\duoduoshop\Myapps\users\views.py changed, reloading.
INFO 2023-10-27 23:38:19,884 autoreload 668 Watching for file changes with StatReloader
INFO 2023-10-27 23:38:22,857 basehttp 212 "POST /login/ HTTP/1.1" 200 38
WARNING 2023-10-27 23:38:23,717 log 241 Not Found: /carts/simple/
WARNING 2023-10-27 23:38:23,719 basehttp 212 "GET /carts/simple/ HTTP/1.1" 404 2979
WARNING 2023-10-27 23:38:39,683 log 241 Not Found: /addresses/
WARNING 2023-10-27 23:38:39,684 basehttp 212 "GET /addresses/ HTTP/1.1" 404 2970
WARNING 2023-10-27 23:38:39,688 log 241 Not Found: /areas/
WARNING 2023-10-27 23:38:39,689 basehttp 212 "GET /areas/ HTTP/1.1" 404 2958
WARNING 2023-10-27 23:38:42,612 log 241 Not Found: /info/
WARNING 2023-10-27 23:38:42,615 log 241 Not Found: /browse_histories/
WARNING 2023-10-27 23:38:42,616 basehttp 212 "GET /info/ HTTP/1.1" 404 2955
WARNING 2023-10-27 23:38:42,617 basehttp 212 "GET /browse_histories/ HTTP/1.1" 404 2991
INFO 2023-10-27 23:38:48,020 basehttp 212 "POST /login/ HTTP/1.1" 200 38
WARNING 2023-10-27 23:38:48,793 log 241 Not Found: /carts/simple/
WARNING 2023-10-27 23:38:48,794 basehttp 212 "GET /carts/simple/ HTTP/1.1" 404 2979
